2014/12/22 14:59:24 [error] [exception.CHttpException.404] exception 'CHttpException' with message 'Невозможно обработать запрос "engine/rss.php".' in /home/srv50213/htdocs/framework/web/CWebApplication.php:286
Stack trace:
#0 /home/srv50213/htdocs/framework/web/CWebApplication.php(141): CWebApplication->runController('engine/rss.php')
#1 /home/srv50213/htdocs/framework/base/CApplication.php(180): CWebApplication->processRequest()
#2 /home/srv50213/htdocs/index.php(16): CApplication->run()
#3 {main}
REQUEST_URI=/engine/rss.php
---
2014/12/22 14:59:47 [error] [exception.CHttpException.400] exception 'CHttpException' with message 'Некорректный запрос.' in /home/srv50213/htdocs/framework/web/CController.php:336
Stack trace:
#0 /home/srv50213/htdocs/framework/web/CController.php(309): CController->invalidActionParams(Object(CInlineAction))
#1 /home/srv50213/htdocs/framework/web/filters/CFilterChain.php(133): CController->runAction(Object(CInlineAction))
#2 /home/srv50213/htdocs/framework/web/filters/CFilter.php(40): CFilterChain->run()
#3 /home/srv50213/htdocs/framework/web/CController.php(1145): CFilter->filter(Object(CFilterChain))
#4 /home/srv50213/htdocs/framework/web/filters/CInlineFilter.php(58): CController->filterAccessControl(Object(CFilterChain))
#5 /home/srv50213/htdocs/framework/web/filters/CFilterChain.php(130): CInlineFilter->filter(Object(CFilterChain))
#6 /home/srv50213/htdocs/framework/web/CController.php(291): CFilterChain->run()
#7 /home/srv50213/htdocs/framework/web/CController.php(265): CController->runActionWithFilters(Object(CInlineAction), Array)
#8 /home/srv50213/htdocs/framework/web/CWebApplication.php(282): CController->run('update')
#9 /home/srv50213/htdocs/framework/web/CWebApplication.php(141): CWebApplication->runController('user/update/ima...')
#10 /home/srv50213/htdocs/framework/base/CApplication.php(180): CWebApplication->processRequest()
#11 /home/srv50213/htdocs/index.php(16): CApplication->run()
#12 {main}
REQUEST_URI=/user/update/images/img_trans.gif
HTTP_REFERER=http://tarex.ru/user/update/id/519
---
2014/12/22 14:59:47 [error] [exception.CHttpException.404] exception 'CHttpException' with message 'The requested page does not exist.' in /home/srv50213/htdocs/protected/controllers/UserController.php:555
Stack trace:
#0 /home/srv50213/htdocs/protected/controllers/UserController.php(260): UserController->loadModel('images')
#1 [internal function]: UserController->actionUpdate('images')
#2 /home/srv50213/htdocs/framework/web/actions/CAction.php(108): ReflectionMethod->invokeArgs(Object(UserController), Array)
#3 /home/srv50213/htdocs/framework/web/actions/CInlineAction.php(47): CAction->runWithParamsInternal(Object(UserController), Object(ReflectionMethod), Array)
#4 /home/srv50213/htdocs/framework/web/CController.php(308): CInlineAction->runWithParams(Array)
#5 /home/srv50213/htdocs/framework/web/filters/CFilterChain.php(133): CController->runAction(Object(CInlineAction))
#6 /home/srv50213/htdocs/framework/web/filters/CFilter.php(40): CFilterChain->run()
#7 /home/srv50213/htdocs/framework/web/CController.php(1145): CFilter->filter(Object(CFilterChain))
#8 /home/srv50213/htdocs/framework/web/filters/CInlineFilter.php(58): CController->filterAccessControl(Object(CFilterChain))
#9 /home/srv50213/htdocs/framework/web/filters/CFilterChain.php(130): CInlineFilter->filter(Object(CFilterChain))
#10 /home/srv50213/htdocs/framework/web/CController.php(291): CFilterChain->run()
#11 /home/srv50213/htdocs/framework/web/CController.php(265): CController->runActionWithFilters(Object(CInlineAction), Array)
#12 /home/srv50213/htdocs/framework/web/CWebApplication.php(282): CController->run('update')
#13 /home/srv50213/htdocs/framework/web/CWebApplication.php(141): CWebApplication->runController('user/update/id/...')
#14 /home/srv50213/htdocs/framework/base/CApplication.php(180): CWebApplication->processRequest()
#15 /home/srv50213/htdocs/index.php(16): CApplication->run()
#16 {main}
REQUEST_URI=/user/update/id/images/tar_x.png
HTTP_REFERER=http://tarex.ru/user/update/id/519
---
2014/12/22 15:01:15 [error] [exception.CHttpException.404] exception 'CHttpException' with message 'Невозможно обработать запрос "app2/index.php".' in /home/srv50213/htdocs/framework/web/CWebApplication.php:286
Stack trace:
#0 /home/srv50213/htdocs/framework/web/CWebApplication.php(141): CWebApplication->runController('app2/index.php')
#1 /home/srv50213/htdocs/framework/base/CApplication.php(180): CWebApplication->processRequest()
#2 /home/srv50213/htdocs/index.php(16): CApplication->run()
#3 {main}
REQUEST_URI=/app2/index.php?r=assortment/index&subgroup=%D0%9A%D0%A3%D0%97%D0%9E%D0%92&Assortment_sort=oem&Assortment_page=7
---
2014/12/22 15:06:54 [error] [exception.CHttpException.404] exception 'CHttpException' with message 'Системе не удалось найти запрашиваемое действие "images".' in /home/srv50213/htdocs/framework/web/CController.php:483
Stack trace:
#0 /home/srv50213/htdocs/framework/web/CController.php(270): CController->missingAction('images')
#1 /home/srv50213/htdocs/framework/web/CWebApplication.php(282): CController->run('images')
#2 /home/srv50213/htdocs/framework/web/CWebApplication.php(141): CWebApplication->runController('site/images/tar...')
#3 /home/srv50213/htdocs/framework/base/CApplication.php(180): CWebApplication->processRequest()
#4 /home/srv50213/htdocs/index.php(16): CApplication->run()
#5 {main}
REQUEST_URI=/site/images/tar_x.png
HTTP_REFERER=http://tarex.ru/site/index?Subsystem=Warehouse+automation
---
2014/12/22 15:06:55 [error] [exception.CHttpException.404] exception 'CHttpException' with message 'Системе не удалось найти запрашиваемое действие "images".' in /home/srv50213/htdocs/framework/web/CController.php:483
Stack trace:
#0 /home/srv50213/htdocs/framework/web/CController.php(270): CController->missingAction('images')
#1 /home/srv50213/htdocs/framework/web/CWebApplication.php(282): CController->run('images')
#2 /home/srv50213/htdocs/framework/web/CWebApplication.php(141): CWebApplication->runController('Order/images/ta...')
#3 /home/srv50213/htdocs/framework/base/CApplication.php(180): CWebApplication->processRequest()
#4 /home/srv50213/htdocs/index.php(16): CApplication->run()
#5 {main}
REQUEST_URI=/Order/images/tar_x.png
HTTP_REFERER=http://tarex.ru/Order/admin?Subsystem=Warehouse+automation&Reference=Order
---
2014/12/22 15:12:01 [error] [exception.CException] exception 'CException' with message 'Контроллер SiteController не может найти представление "E36".' in /home/srv50213/htdocs/framework/web/CController.php:878
Stack trace:
#0 /home/srv50213/htdocs/framework/web/CController.php(782): CController->renderPartial('E36', NULL, true)
#1 /home/srv50213/htdocs/protected/controllers/SiteController.php(121): CController->render('E36')
#2 [internal function]: SiteController->actionIndex('E36', NULL)
#3 /home/srv50213/htdocs/framework/web/actions/CAction.php(108): ReflectionMethod->invokeArgs(Object(SiteController), Array)
#4 /home/srv50213/htdocs/framework/web/actions/CInlineAction.php(47): CAction->runWithParamsInternal(Object(SiteController), Object(ReflectionMethod), Array)
#5 /home/srv50213/htdocs/framework/web/CController.php(308): CInlineAction->runWithParams(Array)
#6 /home/srv50213/htdocs/framework/web/filters/CFilterChain.php(133): CController->runAction(Object(CInlineAction))
#7 /home/srv50213/htdocs/framework/web/filters/CFilter.php(40): CFilterChain->run()
#8 /home/srv50213/htdocs/framework/web/CController.php(1145): CFilter->filter(Object(CFilterChain))
#9 /home/srv50213/htdocs/framework/web/filters/CInlineFilter.php(58): CController->filterAccessControl(Object(CFilterChain))
#10 /home/srv50213/htdocs/framework/web/filters/CFilterChain.php(130): CInlineFilter->filter(Object(CFilterChain))
#11 /home/srv50213/htdocs/framework/web/CController.php(291): CFilterChain->run()
#12 /home/srv50213/htdocs/framework/web/CController.php(265): CController->runActionWithFilters(Object(CInlineAction), Array)
#13 /home/srv50213/htdocs/framework/web/CWebApplication.php(282): CController->run('')
#14 /home/srv50213/htdocs/framework/web/CWebApplication.php(141): CWebApplication->runController('')
#15 /home/srv50213/htdocs/framework/base/CApplication.php(180): CWebApplication->processRequest()
#16 /home/srv50213/htdocs/index.php(16): CApplication->run()
#17 {main}
REQUEST_URI=/index.php?do=static&page=E36
---
2014/12/22 15:13:25 [error] [exception.CHttpException.404] exception 'CHttpException' with message 'Невозможно обработать запрос "app2/index.php".' in /home/srv50213/htdocs/framework/web/CWebApplication.php:286
Stack trace:
#0 /home/srv50213/htdocs/framework/web/CWebApplication.php(141): CWebApplication->runController('app2/index.php')
#1 /home/srv50213/htdocs/framework/base/CApplication.php(180): CWebApplication->processRequest()
#2 /home/srv50213/htdocs/index.php(16): CApplication->run()
#3 {main}
REQUEST_URI=/app2/index.php?r=assortment/index&subgroup=%D0%93%D0%98%D0%94%D0%A0%D0%90%D0%92%D0%9B%D0%98%D0%A7%D0%95%D0%A1%D0%9A%D0%90%D0%AF+%D0%A1%D0%98%D0%A1%D0%A2%D0%95%D0%9C%D0%90&Assortment_page=137&Assortment_sort=groupCategory
---
2014/12/22 15:14:05 [error] [exception.CHttpException.404] exception 'CHttpException' with message 'Невозможно обработать запрос "app2/index.php".' in /home/srv50213/htdocs/framework/web/CWebApplication.php:286
Stack trace:
#0 /home/srv50213/htdocs/framework/web/CWebApplication.php(141): CWebApplication->runController('app2/index.php')
#1 /home/srv50213/htdocs/framework/base/CApplication.php(180): CWebApplication->processRequest()
#2 /home/srv50213/htdocs/index.php(16): CApplication->run()
#3 {main}
REQUEST_URI=/app2/index.php?r=assortment/index&subgroup=%D0%94%D0%95%D0%A2%D0%90%D0%9B%D0%98+%D0%9A%D0%A3%D0%97%D0%9E%D0%92%D0%90&Assortment_sort=manufacturer.desc&Assortment_page=138
---
2014/12/22 15:20:57 [error] [exception.CHttpException.404] exception 'CHttpException' with message 'Невозможно обработать запрос "app2/index.php".' in /home/srv50213/htdocs/framework/web/CWebApplication.php:286
Stack trace:
#0 /home/srv50213/htdocs/framework/web/CWebApplication.php(141): CWebApplication->runController('app2/index.php')
#1 /home/srv50213/htdocs/framework/base/CApplication.php(180): CWebApplication->processRequest()
#2 /home/srv50213/htdocs/index.php(16): CApplication->run()
#3 {main}
REQUEST_URI=/app2/index.php?r=assortment/index&subgroup=%D0%A5%D0%9E%D0%94%D0%9E%D0%92%D0%90%D0%AF+%D0%A1%D0%98%D0%A1%D0%A2%D0%95%D0%9C%D0%90&Assortment_page=158&Assortment_sort=groupCategory
---
2014/12/22 15:28:55 [error] [exception.CException] exception 'CException' with message 'Контроллер SiteController не может найти представление "Zapchsti_API_4".' in /home/srv50213/htdocs/framework/web/CController.php:878
Stack trace:
#0 /home/srv50213/htdocs/framework/web/CController.php(782): CController->renderPartial('Zapchsti_API_4', NULL, true)
#1 /home/srv50213/htdocs/protected/controllers/SiteController.php(121): CController->render('Zapchsti_API_4')
#2 [internal function]: SiteController->actionIndex('Zapchsti_API_4', NULL)
#3 /home/srv50213/htdocs/framework/web/actions/CAction.php(108): ReflectionMethod->invokeArgs(Object(SiteController), Array)
#4 /home/srv50213/htdocs/framework/web/actions/CInlineAction.php(47): CAction->runWithParamsInternal(Object(SiteController), Object(ReflectionMethod), Array)
#5 /home/srv50213/htdocs/framework/web/CController.php(308): CInlineAction->runWithParams(Array)
#6 /home/srv50213/htdocs/framework/web/filters/CFilterChain.php(133): CController->runAction(Object(CInlineAction))
#7 /home/srv50213/htdocs/framework/web/filters/CFilter.php(40): CFilterChain->run()
#8 /home/srv50213/htdocs/framework/web/CController.php(1145): CFilter->filter(Object(CFilterChain))
#9 /home/srv50213/htdocs/framework/web/filters/CInlineFilter.php(58): CController->filterAccessControl(Object(CFilterChain))
#10 /home/srv50213/htdocs/framework/web/filters/CFilterChain.php(130): CInlineFilter->filter(Object(CFilterChain))
#11 /home/srv50213/htdocs/framework/web/CController.php(291): CFilterChain->run()
#12 /home/srv50213/htdocs/framework/web/CController.php(265): CController->runActionWithFilters(Object(CInlineAction), Array)
#13 /home/srv50213/htdocs/framework/web/CWebApplication.php(282): CController->run('')
#14 /home/srv50213/htdocs/framework/web/CWebApplication.php(141): CWebApplication->runController('')
#15 /home/srv50213/htdocs/framework/base/CApplication.php(180): CWebApplication->processRequest()
#16 /home/srv50213/htdocs/index.php(16): CApplication->run()
#17 {main}
REQUEST_URI=/index.php?do=static&page=Zapchsti_API_4
HTTP_REFERER=http://yandex.ru/clck/jsredir?from=yandex.ru%3Byandsearch%3Bweb%3B%3B&text=&etext=546.fPjy1rYtkwShXHUI0l70tlYs-sS6kmU_LGWbWP0eoC0Th3kSewEcpCVkG6k0e-xs32xzQGOMoHo2uAx1We0LRCAoTC_dZEclMDKPR6VWAgySlTur2HY1_YyPhli71o1Y72fy4wGW6Pu4zTZEbW30Lg.da83a18479da4ba027fafd7ca509b26308a0a0e6&uuid=&state=AiuY0DBWFJ4ePaEse6rgeAjgs2pI3DW99KUdgowt9Xukz0dqPN807yUm-tptTKWVX9GYEJiXpJRkQN2qih2seN3pkt7PfkX2_zpPCh0_tv_ziuyk18LRQ2LfxQoHi9EoU_ovgYfKVa4iOagDAmhjKlPHVY409DbuF1HjN4LykaIA6Yk_nUnc84Z6AKC8a8kWo5nc3nkfKcHTIr-e9s5BF1VQMGZHW3lNuML0bg4eycIDUdAwK7YG0DYE-jCrruppMJgbc6q6VBU&data=UlNrNmk5WktYejR0eWJFYk1LdmtxbURfRHB5bEpzMU5Oa3ZwN2ZCQzNyc3NDMTQ4MzdZS2M3aWxBVks4SjNFRnNzeFVjek1SOHVqZGVuVVp2Wkg0UkIxUVNQUUczM2dzdEFZdlpxVUJ2c0JoYkprNGRlcF9GTVcxQ295Qk9WUkp4Q0JNeHVTNU5taGJGYjZ1MmRXWlpYX1RidFZXUXE1TQ&b64e=2&sign=f38fd13055e91964d1af4b5690dc7769&keyno=0&l10n=ru&cts=1419251335130&mc=5.015614714690628
---
2014/12/22 15:28:56 [error] [exception.CHttpException.404] exception 'CHttpException' with message 'Системе не удалось найти запрашиваемое действие "images".' in /home/srv50213/htdocs/framework/web/CController.php:483
Stack trace:
#0 /home/srv50213/htdocs/framework/web/CController.php(270): CController->missingAction('images')
#1 /home/srv50213/htdocs/framework/web/CWebApplication.php(282): CController->run('images')
#2 /home/srv50213/htdocs/framework/web/CWebApplication.php(141): CWebApplication->runController('order/images/im...')
#3 /home/srv50213/htdocs/framework/base/CApplication.php(180): CWebApplication->processRequest()
#4 /home/srv50213/htdocs/index.php(16): CApplication->run()
#5 {main}
REQUEST_URI=/order/images/img_trans.gif
HTTP_REFERER=http://tarex.ru/order/update/1275
---
2014/12/22 15:28:57 [error] [exception.CHttpException.400] exception 'CHttpException' with message 'Некорректный запрос.' in /home/srv50213/htdocs/framework/web/CController.php:336
Stack trace:
#0 /home/srv50213/htdocs/framework/web/CController.php(309): CController->invalidActionParams(Object(CInlineAction))
#1 /home/srv50213/htdocs/framework/web/filters/CFilterChain.php(133): CController->runAction(Object(CInlineAction))
#2 /home/srv50213/htdocs/framework/web/filters/CFilter.php(40): CFilterChain->run()
#3 /home/srv50213/htdocs/framework/web/CController.php(1145): CFilter->filter(Object(CFilterChain))
#4 /home/srv50213/htdocs/framework/web/filters/CInlineFilter.php(58): CController->filterAccessControl(Object(CFilterChain))
#5 /home/srv50213/htdocs/framework/web/filters/CFilterChain.php(130): CInlineFilter->filter(Object(CFilterChain))
#6 /home/srv50213/htdocs/framework/web/CController.php(291): CFilterChain->run()
#7 /home/srv50213/htdocs/framework/web/CController.php(265): CController->runActionWithFilters(Object(CInlineAction), Array)
#8 /home/srv50213/htdocs/framework/web/CWebApplication.php(282): CController->run('update')
#9 /home/srv50213/htdocs/framework/web/CWebApplication.php(141): CWebApplication->runController('order/update/im...')
#10 /home/srv50213/htdocs/framework/base/CApplication.php(180): CWebApplication->processRequest()
#11 /home/srv50213/htdocs/index.php(16): CApplication->run()
#12 {main}
REQUEST_URI=/order/update/images/tar_x.png
HTTP_REFERER=http://tarex.ru/order/update/1275
---
2014/12/22 15:28:58 [error] [exception.CHttpException.404] exception 'CHttpException' with message 'Невозможно обработать запрос "css/bootstrap.css.map".' in /home/srv50213/htdocs/framework/web/CWebApplication.php:286
Stack trace:
#0 /home/srv50213/htdocs/framework/web/CWebApplication.php(141): CWebApplication->runController('css/bootstrap.c...')
#1 /home/srv50213/htdocs/framework/base/CApplication.php(180): CWebApplication->processRequest()
#2 /home/srv50213/htdocs/index.php(16): CApplication->run()
#3 {main}
REQUEST_URI=/css/bootstrap.css.map
HTTP_REFERER=http://tarex.ru/order/update/1275
---
2014/12/22 15:28:58 [error] [exception.CHttpException.404] exception 'CHttpException' with message 'Невозможно обработать запрос "css/bootstrap-theme.css.map".' in /home/srv50213/htdocs/framework/web/CWebApplication.php:286
Stack trace:
#0 /home/srv50213/htdocs/framework/web/CWebApplication.php(141): CWebApplication->runController('css/bootstrap-t...')
#1 /home/srv50213/htdocs/framework/base/CApplication.php(180): CWebApplication->processRequest()
#2 /home/srv50213/htdocs/index.php(16): CApplication->run()
#3 {main}
REQUEST_URI=/css/bootstrap-theme.css.map
HTTP_REFERER=http://tarex.ru/order/update/1275
---
2014/12/22 15:29:04 [error] [exception.CHttpException.404] exception 'CHttpException' with message 'Невозможно обработать запрос "css/bootstrap.css.map".' in /home/srv50213/htdocs/framework/web/CWebApplication.php:286
Stack trace:
#0 /home/srv50213/htdocs/framework/web/CWebApplication.php(141): CWebApplication->runController('css/bootstrap.c...')
#1 /home/srv50213/htdocs/framework/base/CApplication.php(180): CWebApplication->processRequest()
#2 /home/srv50213/htdocs/index.php(16): CApplication->run()
#3 {main}
REQUEST_URI=/css/bootstrap.css.map
HTTP_REFERER=http://tarex.ru/
---
2014/12/22 15:29:04 [error] [exception.CHttpException.404] exception 'CHttpException' with message 'Невозможно обработать запрос "css/bootstrap-theme.css.map".' in /home/srv50213/htdocs/framework/web/CWebApplication.php:286
Stack trace:
#0 /home/srv50213/htdocs/framework/web/CWebApplication.php(141): CWebApplication->runController('css/bootstrap-t...')
#1 /home/srv50213/htdocs/framework/base/CApplication.php(180): CWebApplication->processRequest()
#2 /home/srv50213/htdocs/index.php(16): CApplication->run()
#3 {main}
REQUEST_URI=/css/bootstrap-theme.css.map
HTTP_REFERER=http://tarex.ru/
---
2014/12/22 15:32:56 [error] [exception.CHttpException.404] exception 'CHttpException' with message 'Системе не удалось найти запрашиваемое действие "images".' in /home/srv50213/htdocs/framework/web/CController.php:483
Stack trace:
#0 /home/srv50213/htdocs/framework/web/CController.php(270): CController->missingAction('images')
#1 /home/srv50213/htdocs/framework/web/CWebApplication.php(282): CController->run('images')
#2 /home/srv50213/htdocs/framework/web/CWebApplication.php(141): CWebApplication->runController('order/images/ta...')
#3 /home/srv50213/htdocs/framework/base/CApplication.php(180): CWebApplication->processRequest()
#4 /home/srv50213/htdocs/index.php(16): CApplication->run()
#5 {main}
REQUEST_URI=/order/images/tar_x.png
HTTP_REFERER=http://tarex.ru/order/admin
---
2014/12/22 15:32:56 [error] [exception.CHttpException.404] exception 'CHttpException' with message 'Невозможно обработать запрос "css/bootstrap.css.map".' in /home/srv50213/htdocs/framework/web/CWebApplication.php:286
Stack trace:
#0 /home/srv50213/htdocs/framework/web/CWebApplication.php(141): CWebApplication->runController('css/bootstrap.c...')
#1 /home/srv50213/htdocs/framework/base/CApplication.php(180): CWebApplication->processRequest()
#2 /home/srv50213/htdocs/index.php(16): CApplication->run()
#3 {main}
REQUEST_URI=/css/bootstrap.css.map
HTTP_REFERER=http://tarex.ru/order/admin
---
2014/12/22 15:32:56 [error] [exception.CHttpException.404] exception 'CHttpException' with message 'Невозможно обработать запрос "css/bootstrap-theme.css.map".' in /home/srv50213/htdocs/framework/web/CWebApplication.php:286
Stack trace:
#0 /home/srv50213/htdocs/framework/web/CWebApplication.php(141): CWebApplication->runController('css/bootstrap-t...')
#1 /home/srv50213/htdocs/framework/base/CApplication.php(180): CWebApplication->processRequest()
#2 /home/srv50213/htdocs/index.php(16): CApplication->run()
#3 {main}
REQUEST_URI=/css/bootstrap-theme.css.map
HTTP_REFERER=http://tarex.ru/order/admin
---
2014/12/22 15:33:08 [error] [exception.CHttpException.404] exception 'CHttpException' with message 'Невозможно обработать запрос "css/bootstrap.css.map".' in /home/srv50213/htdocs/framework/web/CWebApplication.php:286
Stack trace:
#0 /home/srv50213/htdocs/framework/web/CWebApplication.php(141): CWebApplication->runController('css/bootstrap.c...')
#1 /home/srv50213/htdocs/framework/base/CApplication.php(180): CWebApplication->processRequest()
#2 /home/srv50213/htdocs/index.php(16): CApplication->run()
#3 {main}
REQUEST_URI=/css/bootstrap.css.map
HTTP_REFERER=http://tarex.ru/order/admin
---
2014/12/22 15:33:08 [error] [exception.CHttpException.404] exception 'CHttpException' with message 'Невозможно обработать запрос "css/bootstrap-theme.css.map".' in /home/srv50213/htdocs/framework/web/CWebApplication.php:286
Stack trace:
#0 /home/srv50213/htdocs/framework/web/CWebApplication.php(141): CWebApplication->runController('css/bootstrap-t...')
#1 /home/srv50213/htdocs/framework/base/CApplication.php(180): CWebApplication->processRequest()
#2 /home/srv50213/htdocs/index.php(16): CApplication->run()
#3 {main}
REQUEST_URI=/css/bootstrap-theme.css.map
HTTP_REFERER=http://tarex.ru/order/admin
---
2014/12/22 15:33:08 [error] [exception.CHttpException.404] exception 'CHttpException' with message 'Системе не удалось найти запрашиваемое действие "images".' in /home/srv50213/htdocs/framework/web/CController.php:483
Stack trace:
#0 /home/srv50213/htdocs/framework/web/CController.php(270): CController->missingAction('images')
#1 /home/srv50213/htdocs/framework/web/CWebApplication.php(282): CController->run('images')
#2 /home/srv50213/htdocs/framework/web/CWebApplication.php(141): CWebApplication->runController('order/images/ta...')
#3 /home/srv50213/htdocs/framework/base/CApplication.php(180): CWebApplication->processRequest()
#4 /home/srv50213/htdocs/index.php(16): CApplication->run()
#5 {main}
REQUEST_URI=/order/images/tar_x.png
HTTP_REFERER=http://tarex.ru/order/admin
---
2014/12/22 15:33:12 [error] [exception.CHttpException.404] exception 'CHttpException' with message 'Системе не удалось найти запрашиваемое действие "images".' in /home/srv50213/htdocs/framework/web/CController.php:483
Stack trace:
#0 /home/srv50213/htdocs/framework/web/CController.php(270): CController->missingAction('images')
#1 /home/srv50213/htdocs/framework/web/CWebApplication.php(282): CController->run('images')
#2 /home/srv50213/htdocs/framework/web/CWebApplication.php(141): CWebApplication->runController('order/images/im...')
#3 /home/srv50213/htdocs/framework/base/CApplication.php(180): CWebApplication->processRequest()
#4 /home/srv50213/htdocs/index.php(16): CApplication->run()
#5 {main}
REQUEST_URI=/order/images/img_trans.gif
HTTP_REFERER=http://tarex.ru/order/update/1273
---
2014/12/22 15:33:12 [error] [exception.CHttpException.400] exception 'CHttpException' with message 'Некорректный запрос.' in /home/srv50213/htdocs/framework/web/CController.php:336
Stack trace:
#0 /home/srv50213/htdocs/framework/web/CController.php(309): CController->invalidActionParams(Object(CInlineAction))
#1 /home/srv50213/htdocs/framework/web/filters/CFilterChain.php(133): CController->runAction(Object(CInlineAction))
#2 /home/srv50213/htdocs/framework/web/filters/CFilter.php(40): CFilterChain->run()
#3 /home/srv50213/htdocs/framework/web/CController.php(1145): CFilter->filter(Object(CFilterChain))
#4 /home/srv50213/htdocs/framework/web/filters/CInlineFilter.php(58): CController->filterAccessControl(Object(CFilterChain))
#5 /home/srv50213/htdocs/framework/web/filters/CFilterChain.php(130): CInlineFilter->filter(Object(CFilterChain))
#6 /home/srv50213/htdocs/framework/web/CController.php(291): CFilterChain->run()
#7 /home/srv50213/htdocs/framework/web/CController.php(265): CController->runActionWithFilters(Object(CInlineAction), Array)
#8 /home/srv50213/htdocs/framework/web/CWebApplication.php(282): CController->run('update')
#9 /home/srv50213/htdocs/framework/web/CWebApplication.php(141): CWebApplication->runController('order/update/im...')
#10 /home/srv50213/htdocs/framework/base/CApplication.php(180): CWebApplication->processRequest()
#11 /home/srv50213/htdocs/index.php(16): CApplication->run()
#12 {main}
REQUEST_URI=/order/update/images/tar_x.png
HTTP_REFERER=http://tarex.ru/order/update/1273
---
2014/12/22 15:33:13 [error] [exception.CHttpException.404] exception 'CHttpException' with message 'Невозможно обработать запрос "css/bootstrap.css.map".' in /home/srv50213/htdocs/framework/web/CWebApplication.php:286
Stack trace:
#0 /home/srv50213/htdocs/framework/web/CWebApplication.php(141): CWebApplication->runController('css/bootstrap.c...')
#1 /home/srv50213/htdocs/framework/base/CApplication.php(180): CWebApplication->processRequest()
#2 /home/srv50213/htdocs/index.php(16): CApplication->run()
#3 {main}
REQUEST_URI=/css/bootstrap.css.map
HTTP_REFERER=http://tarex.ru/order/update/1273
---
2014/12/22 15:33:13 [error] [exception.CHttpException.404] exception 'CHttpException' with message 'Невозможно обработать запрос "css/bootstrap-theme.css.map".' in /home/srv50213/htdocs/framework/web/CWebApplication.php:286
Stack trace:
#0 /home/srv50213/htdocs/framework/web/CWebApplication.php(141): CWebApplication->runController('css/bootstrap-t...')
#1 /home/srv50213/htdocs/framework/base/CApplication.php(180): CWebApplication->processRequest()
#2 /home/srv50213/htdocs/index.php(16): CApplication->run()
#3 {main}
REQUEST_URI=/css/bootstrap-theme.css.map
HTTP_REFERER=http://tarex.ru/order/update/1273
---
2014/12/22 15:33:19 [error] [exception.CHttpException.404] exception 'CHttpException' with message 'Системе не удалось найти запрашиваемое действие "images".' in /home/srv50213/htdocs/framework/web/CController.php:483
Stack trace:
#0 /home/srv50213/htdocs/framework/web/CController.php(270): CController->missingAction('images')
#1 /home/srv50213/htdocs/framework/web/CWebApplication.php(282): CController->run('images')
#2 /home/srv50213/htdocs/framework/web/CWebApplication.php(141): CWebApplication->runController('order/images/im...')
#3 /home/srv50213/htdocs/framework/base/CApplication.php(180): CWebApplication->processRequest()
#4 /home/srv50213/htdocs/index.php(16): CApplication->run()
#5 {main}
REQUEST_URI=/order/images/img_trans.gif
HTTP_REFERER=http://tarex.ru/order/update/1273
---
2014/12/22 15:33:19 [error] [exception.CHttpException.404] exception 'CHttpException' with message 'Невозможно обработать запрос "css/bootstrap.css.map".' in /home/srv50213/htdocs/framework/web/CWebApplication.php:286
Stack trace:
#0 /home/srv50213/htdocs/framework/web/CWebApplication.php(141): CWebApplication->runController('css/bootstrap.c...')
#1 /home/srv50213/htdocs/framework/base/CApplication.php(180): CWebApplication->processRequest()
#2 /home/srv50213/htdocs/index.php(16): CApplication->run()
#3 {main}
REQUEST_URI=/css/bootstrap.css.map
HTTP_REFERER=http://tarex.ru/order/update/1273
---
2014/12/22 15:33:19 [error] [exception.CHttpException.404] exception 'CHttpException' with message 'Невозможно обработать запрос "css/bootstrap-theme.css.map".' in /home/srv50213/htdocs/framework/web/CWebApplication.php:286
Stack trace:
#0 /home/srv50213/htdocs/framework/web/CWebApplication.php(141): CWebApplication->runController('css/bootstrap-t...')
#1 /home/srv50213/htdocs/framework/base/CApplication.php(180): CWebApplication->processRequest()
#2 /home/srv50213/htdocs/index.php(16): CApplication->run()
#3 {main}
REQUEST_URI=/css/bootstrap-theme.css.map
HTTP_REFERER=http://tarex.ru/order/update/1273
---
2014/12/22 15:33:19 [error] [exception.CHttpException.400] exception 'CHttpException' with message 'Некорректный запрос.' in /home/srv50213/htdocs/framework/web/CController.php:336
Stack trace:
#0 /home/srv50213/htdocs/framework/web/CController.php(309): CController->invalidActionParams(Object(CInlineAction))
#1 /home/srv50213/htdocs/framework/web/filters/CFilterChain.php(133): CController->runAction(Object(CInlineAction))
#2 /home/srv50213/htdocs/framework/web/filters/CFilter.php(40): CFilterChain->run()
#3 /home/srv50213/htdocs/framework/web/CController.php(1145): CFilter->filter(Object(CFilterChain))
#4 /home/srv50213/htdocs/framework/web/filters/CInlineFilter.php(58): CController->filterAccessControl(Object(CFilterChain))
#5 /home/srv50213/htdocs/framework/web/filters/CFilterChain.php(130): CInlineFilter->filter(Object(CFilterChain))
#6 /home/srv50213/htdocs/framework/web/CController.php(291): CFilterChain->run()
#7 /home/srv50213/htdocs/framework/web/CController.php(265): CController->runActionWithFilters(Object(CInlineAction), Array)
#8 /home/srv50213/htdocs/framework/web/CWebApplication.php(282): CController->run('update')
#9 /home/srv50213/htdocs/framework/web/CWebApplication.php(141): CWebApplication->runController('order/update/im...')
#10 /home/srv50213/htdocs/framework/base/CApplication.php(180): CWebApplication->processRequest()
#11 /home/srv50213/htdocs/index.php(16): CApplication->run()
#12 {main}
REQUEST_URI=/order/update/images/tar_x.png
HTTP_REFERER=http://tarex.ru/order/update/1273
---
2014/12/22 15:33:24 [error] [exception.CHttpException.404] exception 'CHttpException' with message 'Системе не удалось найти запрашиваемое действие "images".' in /home/srv50213/htdocs/framework/web/CController.php:483
Stack trace:
#0 /home/srv50213/htdocs/framework/web/CController.php(270): CController->missingAction('images')
#1 /home/srv50213/htdocs/framework/web/CWebApplication.php(282): CController->run('images')
#2 /home/srv50213/htdocs/framework/web/CWebApplication.php(141): CWebApplication->runController('order/images/im...')
#3 /home/srv50213/htdocs/framework/base/CApplication.php(180): CWebApplication->processRequest()
#4 /home/srv50213/htdocs/index.php(16): CApplication->run()
#5 {main}
REQUEST_URI=/order/images/img_trans.gif
HTTP_REFERER=http://tarex.ru/order/update/1273
---
2014/12/22 15:33:24 [error] [exception.CHttpException.400] exception 'CHttpException' with message 'Некорректный запрос.' in /home/srv50213/htdocs/framework/web/CController.php:336
Stack trace:
#0 /home/srv50213/htdocs/framework/web/CController.php(309): CController->invalidActionParams(Object(CInlineAction))
#1 /home/srv50213/htdocs/framework/web/filters/CFilterChain.php(133): CController->runAction(Object(CInlineAction))
#2 /home/srv50213/htdocs/framework/web/filters/CFilter.php(40): CFilterChain->run()
#3 /home/srv50213/htdocs/framework/web/CController.php(1145): CFilter->filter(Object(CFilterChain))
#4 /home/srv50213/htdocs/framework/web/filters/CInlineFilter.php(58): CController->filterAccessControl(Object(CFilterChain))
#5 /home/srv50213/htdocs/framework/web/filters/CFilterChain.php(130): CInlineFilter->filter(Object(CFilterChain))
#6 /home/srv50213/htdocs/framework/web/CController.php(291): CFilterChain->run()
#7 /home/srv50213/htdocs/framework/web/CController.php(265): CController->runActionWithFilters(Object(CInlineAction), Array)
#8 /home/srv50213/htdocs/framework/web/CWebApplication.php(282): CController->run('update')
#9 /home/srv50213/htdocs/framework/web/CWebApplication.php(141): CWebApplication->runController('order/update/im...')
#10 /home/srv50213/htdocs/framework/base/CApplication.php(180): CWebApplication->processRequest()
#11 /home/srv50213/htdocs/index.php(16): CApplication->run()
#12 {main}
REQUEST_URI=/order/update/images/tar_x.png
HTTP_REFERER=http://tarex.ru/order/update/1273
---
2014/12/22 15:33:26 [error] [exception.CHttpException.404] exception 'CHttpException' with message 'Невозможно обработать запрос "app2/index.php".' in /home/srv50213/htdocs/framework/web/CWebApplication.php:286
Stack trace:
#0 /home/srv50213/htdocs/framework/web/CWebApplication.php(141): CWebApplication->runController('app2/index.php')
#1 /home/srv50213/htdocs/framework/base/CApplication.php(180): CWebApplication->processRequest()
#2 /home/srv50213/htdocs/index.php(16): CApplication->run()
#3 {main}
REQUEST_URI=/app2/index.php?r=assortment/index&subgroup=%D0%93%D0%98%D0%94%D0%A0%D0%90%D0%92%D0%9B%D0%98%D0%A7%D0%95%D0%A1%D0%9A%D0%90%D0%AF+%D0%A1%D0%98%D0%A1%D0%A2%D0%95%D0%9C%D0%90&Assortment_sort=article2.desc&Assortment_page=18
---
2014/12/22 15:33:44 [error] [exception.CException] exception 'CException' with message 'Контроллер SiteController не может найти представление "Zapchsti_API_4".' in /home/srv50213/htdocs/framework/web/CController.php:878
Stack trace:
#0 /home/srv50213/htdocs/framework/web/CController.php(782): CController->renderPartial('Zapchsti_API_4', NULL, true)
#1 /home/srv50213/htdocs/protected/controllers/SiteController.php(121): CController->render('Zapchsti_API_4')
#2 [internal function]: SiteController->actionIndex('Zapchsti_API_4', NULL)
#3 /home/srv50213/htdocs/framework/web/actions/CAction.php(108): ReflectionMethod->invokeArgs(Object(SiteController), Array)
#4 /home/srv50213/htdocs/framework/web/actions/CInlineAction.php(47): CAction->runWithParamsInternal(Object(SiteController), Object(ReflectionMethod), Array)
#5 /home/srv50213/htdocs/framework/web/CController.php(308): CInlineAction->runWithParams(Array)
#6 /home/srv50213/htdocs/framework/web/filters/CFilterChain.php(133): CController->runAction(Object(CInlineAction))
#7 /home/srv50213/htdocs/framework/web/filters/CFilter.php(40): CFilterChain->run()
#8 /home/srv50213/htdocs/framework/web/CController.php(1145): CFilter->filter(Object(CFilterChain))
#9 /home/srv50213/htdocs/framework/web/filters/CInlineFilter.php(58): CController->filterAccessControl(Object(CFilterChain))
#10 /home/srv50213/htdocs/framework/web/filters/CFilterChain.php(130): CInlineFilter->filter(Object(CFilterChain))
#11 /home/srv50213/htdocs/framework/web/CController.php(291): CFilterChain->run()
#12 /home/srv50213/htdocs/framework/web/CController.php(265): CController->runActionWithFilters(Object(CInlineAction), Array)
#13 /home/srv50213/htdocs/framework/web/CWebApplication.php(282): CController->run('')
#14 /home/srv50213/htdocs/framework/web/CWebApplication.php(141): CWebApplication->runController('')
#15 /home/srv50213/htdocs/framework/base/CApplication.php(180): CWebApplication->processRequest()
#16 /home/srv50213/htdocs/index.php(16): CApplication->run()
#17 {main}
REQUEST_URI=/index.php?do=static&page=Zapchsti_API_4
---
2014/12/22 15:49:33 [error] [exception.CHttpException.404] exception 'CHttpException' with message 'Невозможно обработать запрос "app2/index.php".' in /home/srv50213/htdocs/framework/web/CWebApplication.php:286
Stack trace:
#0 /home/srv50213/htdocs/framework/web/CWebApplication.php(141): CWebApplication->runController('app2/index.php')
#1 /home/srv50213/htdocs/framework/base/CApplication.php(180): CWebApplication->processRequest()
#2 /home/srv50213/htdocs/index.php(16): CApplication->run()
#3 {main}
REQUEST_URI=/app2/index.php?r=assortment/index&id=4441&Assortment_sort=title&Assortment_page=141
---
2014/12/22 15:49:46 [error] [exception.CHttpException.404] exception 'CHttpException' with message 'Системе не удалось найти запрашиваемое действие "images".' in /home/srv50213/htdocs/framework/web/CController.php:483
Stack trace:
#0 /home/srv50213/htdocs/framework/web/CController.php(270): CController->missingAction('images')
#1 /home/srv50213/htdocs/framework/web/CWebApplication.php(282): CController->run('images')
#2 /home/srv50213/htdocs/framework/web/CWebApplication.php(141): CWebApplication->runController('Order/images/ta...')
#3 /home/srv50213/htdocs/framework/base/CApplication.php(180): CWebApplication->processRequest()
#4 /home/srv50213/htdocs/index.php(16): CApplication->run()
#5 {main}
REQUEST_URI=/Order/images/tar_x.png
HTTP_REFERER=http://tarex.ru/Order/admin?Subsystem=Warehouse+automation&Reference=Order
---
2014/12/22 15:52:03 [error] [exception.CHttpException.404] exception 'CHttpException' with message 'Невозможно обработать запрос "app2/index.php".' in /home/srv50213/htdocs/framework/web/CWebApplication.php:286
Stack trace:
#0 /home/srv50213/htdocs/framework/web/CWebApplication.php(141): CWebApplication->runController('app2/index.php')
#1 /home/srv50213/htdocs/framework/base/CApplication.php(180): CWebApplication->processRequest()
#2 /home/srv50213/htdocs/index.php(16): CApplication->run()
#3 {main}
REQUEST_URI=/app2/index.php?r=assortment/index&subgroup=%D0%A1%D0%98%D0%A1%D0%A2%D0%95%D0%9C%D0%90+%D0%9E%D0%A5%D0%9B%D0%90%D0%96%D0%94%D0%95%D0%9D%D0%98%D0%AF&Assortment_sort=manufacturer&Assortment_page=8
---
2014/12/22 15:53:17 [error] [exception.CHttpException.404] exception 'CHttpException' with message 'Невозможно обработать запрос "app2/index.php".' in /home/srv50213/htdocs/framework/web/CWebApplication.php:286
Stack trace:
#0 /home/srv50213/htdocs/framework/web/CWebApplication.php(141): CWebApplication->runController('app2/index.php')
#1 /home/srv50213/htdocs/framework/base/CApplication.php(180): CWebApplication->processRequest()
#2 /home/srv50213/htdocs/index.php(16): CApplication->run()
#3 {main}
REQUEST_URI=/app2/index.php?r=assortment/index&subgroup=%D0%A2%D0%A0%D0%90%D0%9D%D0%A1%D0%9C%D0%98%D0%A1%D0%98%D0%AF&Assortment_sort=groupCategory.desc&Assortment_page=177
---
2014/12/22 15:54:20 [error] [exception.CHttpException.404] exception 'CHttpException' with message 'Системе не удалось найти запрашиваемое действие "images".' in /home/srv50213/htdocs/framework/web/CController.php:483
Stack trace:
#0 /home/srv50213/htdocs/framework/web/CController.php(270): CController->missingAction('images')
#1 /home/srv50213/htdocs/framework/web/CWebApplication.php(282): CController->run('images')
#2 /home/srv50213/htdocs/framework/web/CWebApplication.php(141): CWebApplication->runController('site/images/mod...')
#3 /home/srv50213/htdocs/framework/base/CApplication.php(180): CWebApplication->processRequest()
#4 /home/srv50213/htdocs/index.php(16): CApplication->run()
#5 {main}
REQUEST_URI=/site/images/model_gif.gif
HTTP_REFERER=http://tarex.ru/site/login
---
2014/12/22 15:54:20 [error] [exception.CHttpException.404] exception 'CHttpException' with message 'Системе не удалось найти запрашиваемое действие "images".' in /home/srv50213/htdocs/framework/web/CController.php:483
Stack trace:
#0 /home/srv50213/htdocs/framework/web/CController.php(270): CController->missingAction('images')
#1 /home/srv50213/htdocs/framework/web/CWebApplication.php(282): CController->run('images')
#2 /home/srv50213/htdocs/framework/web/CWebApplication.php(141): CWebApplication->runController('site/images/win...')
#3 /home/srv50213/htdocs/framework/base/CApplication.php(180): CWebApplication->processRequest()
#4 /home/srv50213/htdocs/index.php(16): CApplication->run()
#5 {main}
REQUEST_URI=/site/images/winjet_gif.gif
HTTP_REFERER=http://tarex.ru/site/login
---
2014/12/22 15:54:20 [error] [exception.CHttpException.404] exception 'CHttpException' with message 'Системе не удалось найти запрашиваемое действие "images".' in /home/srv50213/htdocs/framework/web/CController.php:483
Stack trace:
#0 /home/srv50213/htdocs/framework/web/CController.php(270): CController->missingAction('images')
#1 /home/srv50213/htdocs/framework/web/CWebApplication.php(282): CController->run('images')
#2 /home/srv50213/htdocs/framework/web/CWebApplication.php(141): CWebApplication->runController('site/images/tar...')
#3 /home/srv50213/htdocs/framework/base/CApplication.php(180): CWebApplication->processRequest()
#4 /home/srv50213/htdocs/index.php(16): CApplication->run()
#5 {main}
REQUEST_URI=/site/images/tar_x.png
HTTP_REFERER=http://tarex.ru/site/login
---
2014/12/22 15:54:22 [error] [exception.CHttpException.404] exception 'CHttpException' with message 'Невозможно обработать запрос "app2/index.php".' in /home/srv50213/htdocs/framework/web/CWebApplication.php:286
Stack trace:
#0 /home/srv50213/htdocs/framework/web/CWebApplication.php(141): CWebApplication->runController('app2/index.php')
#1 /home/srv50213/htdocs/framework/base/CApplication.php(180): CWebApplication->processRequest()
#2 /home/srv50213/htdocs/index.php(16): CApplication->run()
#3 {main}
REQUEST_URI=/app2/index.php?r=assortment/index&subgroup=%D0%A5%D0%9E%D0%94%D0%9E%D0%92%D0%90%D0%AF+%D0%A1%D0%98%D0%A1%D0%A2%D0%95%D0%9C%D0%90&Assortment_sort=title&Assortment_page=169
---
2014/12/22 15:54:24 [error] [exception.CHttpException.404] exception 'CHttpException' with message 'Системе не удалось найти запрашиваемое действие "images".' in /home/srv50213/htdocs/framework/web/CController.php:483
Stack trace:
#0 /home/srv50213/htdocs/framework/web/CController.php(270): CController->missingAction('images')
#1 /home/srv50213/htdocs/framework/web/CWebApplication.php(282): CController->run('images')
#2 /home/srv50213/htdocs/framework/web/CWebApplication.php(141): CWebApplication->runController('order/images/im...')
#3 /home/srv50213/htdocs/framework/base/CApplication.php(180): CWebApplication->processRequest()
#4 /home/srv50213/htdocs/index.php(16): CApplication->run()
#5 {main}
REQUEST_URI=/order/images/img_trans.gif
HTTP_REFERER=http://tarex.ru/order/update/1276
---
2014/12/22 15:54:25 [error] [exception.CHttpException.404] exception 'CHttpException' with message 'Невозможно обработать запрос "img/foto/440-1934PXUE.jpg".' in /home/srv50213/htdocs/framework/web/CWebApplication.php:286
Stack trace:
#0 /home/srv50213/htdocs/framework/web/CWebApplication.php(141): CWebApplication->runController('img/foto/440-19...')
#1 /home/srv50213/htdocs/framework/base/CApplication.php(180): CWebApplication->processRequest()
#2 /home/srv50213/htdocs/index.php(16): CApplication->run()
#3 {main}
REQUEST_URI=/img/foto/440-1934PXUE.jpg
HTTP_REFERER=http://tarex.ru/order/update/1276
---
2014/12/22 15:54:25 [error] [exception.CHttpException.404] exception 'CHttpException' with message 'Невозможно обработать запрос "img/foto/440-1919L-UE.jpg".' in /home/srv50213/htdocs/framework/web/CWebApplication.php:286
Stack trace:
#0 /home/srv50213/htdocs/framework/web/CWebApplication.php(141): CWebApplication->runController('img/foto/440-19...')
#1 /home/srv50213/htdocs/framework/base/CApplication.php(180): CWebApplication->processRequest()
#2 /home/srv50213/htdocs/index.php(16): CApplication->run()
#3 {main}
REQUEST_URI=/img/foto/440-1919L-UE.jpg
HTTP_REFERER=http://tarex.ru/order/update/1276
---
2014/12/22 15:54:26 [error] [exception.CHttpException.404] exception 'CHttpException' with message 'Невозможно обработать запрос "img/foto/tar_no_photo.jpg".' in /home/srv50213/htdocs/framework/web/CWebApplication.php:286
Stack trace:
#0 /home/srv50213/htdocs/framework/web/CWebApplication.php(141): CWebApplication->runController('img/foto/tar_no...')
#1 /home/srv50213/htdocs/framework/base/CApplication.php(180): CWebApplication->processRequest()
#2 /home/srv50213/htdocs/index.php(16): CApplication->run()
#3 {main}
REQUEST_URI=/img/foto/tar_no_photo.jpg
HTTP_REFERER=http://tarex.ru/order/update/1276
---
2014/12/22 15:54:26 [error] [exception.CHttpException.403] exception 'CHttpException' with message 'У вас недостаточно прав для выполнения указанного действия.' in /home/srv50213/htdocs/framework/web/auth/CAccessControlFilter.php:182
Stack trace:
#0 /home/srv50213/htdocs/framework/web/auth/CAccessControlFilter.php(145): CAccessControlFilter->accessDenied(Object(WebUser), '\xD0\xA3 \xD0\xB2\xD0\xB0\xD1\x81 \xD0\xBD\xD0\xB5\xD0...')
#1 /home/srv50213/htdocs/framework/web/filters/CFilter.php(38): CAccessControlFilter->preFilter(Object(CFilterChain))
#2 /home/srv50213/htdocs/framework/web/CController.php(1145): CFilter->filter(Object(CFilterChain))
#3 /home/srv50213/htdocs/framework/web/filters/CInlineFilter.php(58): CController->filterAccessControl(Object(CFilterChain))
#4 /home/srv50213/htdocs/framework/web/filters/CFilterChain.php(130): CInlineFilter->filter(Object(CFilterChain))
#5 /home/srv50213/htdocs/framework/web/CController.php(291): CFilterChain->run()
#6 /home/srv50213/htdocs/framework/web/CController.php(265): CController->runActionWithFilters(Object(CInlineAction), Array)
#7 /home/srv50213/htdocs/framework/web/CWebApplication.php(282): CController->run('update')
#8 /home/srv50213/htdocs/framework/web/CWebApplication.php(141): CWebApplication->runController('order/update/im...')
#9 /home/srv50213/htdocs/framework/base/CApplication.php(180): CWebApplication->processRequest()
#10 /home/srv50213/htdocs/index.php(16): CApplication->run()
#11 {main}
REQUEST_URI=/order/update/images/tar_x.png
HTTP_REFERER=http://tarex.ru/order/update/1276
---
2014/12/22 15:54:26 [error] [exception.CHttpException.404] exception 'CHttpException' with message 'Системе не удалось найти запрашиваемое действие "images".' in /home/srv50213/htdocs/framework/web/CController.php:483
Stack trace:
#0 /home/srv50213/htdocs/framework/web/CController.php(270): CController->missingAction('images')
#1 /home/srv50213/htdocs/framework/web/CWebApplication.php(282): CController->run('images')
#2 /home/srv50213/htdocs/framework/web/CWebApplication.php(141): CWebApplication->runController('order/images/im...')
#3 /home/srv50213/htdocs/framework/base/CApplication.php(180): CWebApplication->processRequest()
#4 /home/srv50213/htdocs/index.php(16): CApplication->run()
#5 {main}
REQUEST_URI=/order/images/img_trans.gif
HTTP_REFERER=http://tarex.ru/order/update/1276
---
2014/12/22 15:54:26 [error] [exception.CHttpException.404] exception 'CHttpException' with message 'Невозможно обработать запрос "img/foto/440-1934PXUE.jpg".' in /home/srv50213/htdocs/framework/web/CWebApplication.php:286
Stack trace:
#0 /home/srv50213/htdocs/framework/web/CWebApplication.php(141): CWebApplication->runController('img/foto/440-19...')
#1 /home/srv50213/htdocs/framework/base/CApplication.php(180): CWebApplication->processRequest()
#2 /home/srv50213/htdocs/index.php(16): CApplication->run()
#3 {main}
REQUEST_URI=/img/foto/440-1934PXUE.jpg
HTTP_REFERER=http://tarex.ru/order/update/1276
---
2014/12/22 15:54:26 [error] [exception.CHttpException.404] exception 'CHttpException' with message 'Невозможно обработать запрос "img/foto/440-1919L-UE.jpg".' in /home/srv50213/htdocs/framework/web/CWebApplication.php:286
Stack trace:
#0 /home/srv50213/htdocs/framework/web/CWebApplication.php(141): CWebApplication->runController('img/foto/440-19...')
#1 /home/srv50213/htdocs/framework/base/CApplication.php(180): CWebApplication->processRequest()
#2 /home/srv50213/htdocs/index.php(16): CApplication->run()
#3 {main}
REQUEST_URI=/img/foto/440-1919L-UE.jpg
HTTP_REFERER=http://tarex.ru/order/update/1276
---
2014/12/22 15:54:26 [error] [exception.CHttpException.404] exception 'CHttpException' with message 'Невозможно обработать запрос "img/foto/tar_no_photo.jpg".' in /home/srv50213/htdocs/framework/web/CWebApplication.php:286
Stack trace:
#0 /home/srv50213/htdocs/framework/web/CWebApplication.php(141): CWebApplication->runController('img/foto/tar_no...')
#1 /home/srv50213/htdocs/framework/base/CApplication.php(180): CWebApplication->processRequest()
#2 /home/srv50213/htdocs/index.php(16): CApplication->run()
#3 {main}
REQUEST_URI=/img/foto/tar_no_photo.jpg
HTTP_REFERER=http://tarex.ru/order/update/1276
---
2014/12/22 15:54:26 [error] [exception.CHttpException.403] exception 'CHttpException' with message 'У вас недостаточно прав для выполнения указанного действия.' in /home/srv50213/htdocs/framework/web/auth/CAccessControlFilter.php:182
Stack trace:
#0 /home/srv50213/htdocs/framework/web/auth/CAccessControlFilter.php(145): CAccessControlFilter->accessDenied(Object(WebUser), '\xD0\xA3 \xD0\xB2\xD0\xB0\xD1\x81 \xD0\xBD\xD0\xB5\xD0...')
#1 /home/srv50213/htdocs/framework/web/filters/CFilter.php(38): CAccessControlFilter->preFilter(Object(CFilterChain))
#2 /home/srv50213/htdocs/framework/web/CController.php(1145): CFilter->filter(Object(CFilterChain))
#3 /home/srv50213/htdocs/framework/web/filters/CInlineFilter.php(58): CController->filterAccessControl(Object(CFilterChain))
#4 /home/srv50213/htdocs/framework/web/filters/CFilterChain.php(130): CInlineFilter->filter(Object(CFilterChain))
#5 /home/srv50213/htdocs/framework/web/CController.php(291): CFilterChain->run()
#6 /home/srv50213/htdocs/framework/web/CController.php(265): CController->runActionWithFilters(Object(CInlineAction), Array)
#7 /home/srv50213/htdocs/framework/web/CWebApplication.php(282): CController->run('update')
#8 /home/srv50213/htdocs/framework/web/CWebApplication.php(141): CWebApplication->runController('order/update/im...')
#9 /home/srv50213/htdocs/framework/base/CApplication.php(180): CWebApplication->processRequest()
#10 /home/srv50213/htdocs/index.php(16): CApplication->run()
#11 {main}
REQUEST_URI=/order/update/images/tar_x.png
HTTP_REFERER=http://tarex.ru/order/update/1276
---
2014/12/22 15:54:27 [error] [exception.CHttpException.404] exception 'CHttpException' with message 'Невозможно обработать запрос "app2/img/favicon.ico".' in /home/srv50213/htdocs/framework/web/CWebApplication.php:286
Stack trace:
#0 /home/srv50213/htdocs/framework/web/CWebApplication.php(141): CWebApplication->runController('app2/img/favico...')
#1 /home/srv50213/htdocs/framework/base/CApplication.php(180): CWebApplication->processRequest()
#2 /home/srv50213/htdocs/index.php(16): CApplication->run()
#3 {main}
REQUEST_URI=/app2/img/favicon.ico
---
2014/12/22 15:55:25 [error] [exception.CHttpException.404] exception 'CHttpException' with message 'Невозможно обработать запрос "img/foto/tar_no_photo.jpg".' in /home/srv50213/htdocs/framework/web/CWebApplication.php:286
Stack trace:
#0 /home/srv50213/htdocs/framework/web/CWebApplication.php(141): CWebApplication->runController('img/foto/tar_no...')
#1 /home/srv50213/htdocs/framework/base/CApplication.php(180): CWebApplication->processRequest()
#2 /home/srv50213/htdocs/index.php(16): CApplication->run()
#3 {main}
REQUEST_URI=/img/foto/tar_no_photo.jpg
HTTP_REFERER=http://tarex.ru/
---
2014/12/22 15:55:25 [error] [exception.CHttpException.404] exception 'CHttpException' with message 'Невозможно обработать запрос "img/foto/440-1934PXUE.jpg".' in /home/srv50213/htdocs/framework/web/CWebApplication.php:286
Stack trace:
#0 /home/srv50213/htdocs/framework/web/CWebApplication.php(141): CWebApplication->runController('img/foto/440-19...')
#1 /home/srv50213/htdocs/framework/base/CApplication.php(180): CWebApplication->processRequest()
#2 /home/srv50213/htdocs/index.php(16): CApplication->run()
#3 {main}
REQUEST_URI=/img/foto/440-1934PXUE.jpg
HTTP_REFERER=http://tarex.ru/
---
2014/12/22 15:55:25 [error] [exception.CHttpException.404] exception 'CHttpException' with message 'Невозможно обработать запрос "img/foto/440-1124L-LD-E.jpg".' in /home/srv50213/htdocs/framework/web/CWebApplication.php:286
Stack trace:
#0 /home/srv50213/htdocs/framework/web/CWebApplication.php(141): CWebApplication->runController('img/foto/440-11...')
#1 /home/srv50213/htdocs/framework/base/CApplication.php(180): CWebApplication->processRequest()
#2 /home/srv50213/htdocs/index.php(16): CApplication->run()
#3 {main}
REQUEST_URI=/img/foto/440-1124L-LD-E.jpg
HTTP_REFERER=http://tarex.ru/
---
2014/12/22 15:59:24 [error] [exception.CHttpException.404] exception 'CHttpException' with message 'Невозможно обработать запрос "app2/index.php".' in /home/srv50213/htdocs/framework/web/CWebApplication.php:286
Stack trace:
#0 /home/srv50213/htdocs/framework/web/CWebApplication.php(141): CWebApplication->runController('app2/index.php')
#1 /home/srv50213/htdocs/framework/base/CApplication.php(180): CWebApplication->processRequest()
#2 /home/srv50213/htdocs/index.php(16): CApplication->run()
#3 {main}
REQUEST_URI=/app2/index.php?r=assortment/index&id=7402&Subsystem=Warehouse+automation&Reference=Assortment&Assortment_page=2&Assortment_sort=agroup.desc
---
2014/12/22 15:59:43 [error] [exception.CHttpException.404] exception 'CHttpException' with message 'Невозможно обработать запрос "app2/index.php".' in /home/srv50213/htdocs/framework/web/CWebApplication.php:286
Stack trace:
#0 /home/srv50213/htdocs/framework/web/CWebApplication.php(141): CWebApplication->runController('app2/index.php')
#1 /home/srv50213/htdocs/framework/base/CApplication.php(180): CWebApplication->processRequest()
#2 /home/srv50213/htdocs/index.php(16): CApplication->run()
#3 {main}
REQUEST_URI=/app2/index.php?r=assortment/index&subgroup=%D0%94%D0%95%D0%A2%D0%90%D0%9B%D0%98+%D0%9A%D0%A3%D0%97%D0%9E%D0%92%D0%90&Assortment_sort=agroup.desc&Assortment_page=165
---
2014/12/22 16:03:03 [error] [exception.CHttpException.404] exception 'CHttpException' with message 'Системе не удалось найти запрашиваемое действие "images".' in /home/srv50213/htdocs/framework/web/CController.php:483
Stack trace:
#0 /home/srv50213/htdocs/framework/web/CController.php(270): CController->missingAction('images')
#1 /home/srv50213/htdocs/framework/web/CWebApplication.php(282): CController->run('images')
#2 /home/srv50213/htdocs/framework/web/CWebApplication.php(141): CWebApplication->runController('order/images/im...')
#3 /home/srv50213/htdocs/framework/base/CApplication.php(180): CWebApplication->processRequest()
#4 /home/srv50213/htdocs/index.php(16): CApplication->run()
#5 {main}
REQUEST_URI=/order/images/img_trans.gif
HTTP_REFERER=http://tarex.ru/order/update/1275
---
2014/12/22 16:03:03 [error] [exception.CHttpException.404] exception 'CHttpException' with message 'Невозможно обработать запрос "img/foto/441-1113R-LD-E.jpg".' in /home/srv50213/htdocs/framework/web/CWebApplication.php:286
Stack trace:
#0 /home/srv50213/htdocs/framework/web/CWebApplication.php(141): CWebApplication->runController('img/foto/441-11...')
#1 /home/srv50213/htdocs/framework/base/CApplication.php(180): CWebApplication->processRequest()
#2 /home/srv50213/htdocs/index.php(16): CApplication->run()
#3 {main}
REQUEST_URI=/img/foto/441-1113R-LD-E.jpg
HTTP_REFERER=http://tarex.ru/order/update/1275
---
2014/12/22 16:03:03 [error] [exception.CHttpException.403] exception 'CHttpException' with message 'У вас недостаточно прав для выполнения указанного действия.' in /home/srv50213/htdocs/framework/web/auth/CAccessControlFilter.php:182
Stack trace:
#0 /home/srv50213/htdocs/framework/web/auth/CAccessControlFilter.php(145): CAccessControlFilter->accessDenied(Object(WebUser), '\xD0\xA3 \xD0\xB2\xD0\xB0\xD1\x81 \xD0\xBD\xD0\xB5\xD0...')
#1 /home/srv50213/htdocs/framework/web/filters/CFilter.php(38): CAccessControlFilter->preFilter(Object(CFilterChain))
#2 /home/srv50213/htdocs/framework/web/CController.php(1145): CFilter->filter(Object(CFilterChain))
#3 /home/srv50213/htdocs/framework/web/filters/CInlineFilter.php(58): CController->filterAccessControl(Object(CFilterChain))
#4 /home/srv50213/htdocs/framework/web/filters/CFilterChain.php(130): CInlineFilter->filter(Object(CFilterChain))
#5 /home/srv50213/htdocs/framework/web/CController.php(291): CFilterChain->run()
#6 /home/srv50213/htdocs/framework/web/CController.php(265): CController->runActionWithFilters(Object(CInlineAction), Array)
#7 /home/srv50213/htdocs/framework/web/CWebApplication.php(282): CController->run('update')
#8 /home/srv50213/htdocs/framework/web/CWebApplication.php(141): CWebApplication->runController('order/update/im...')
#9 /home/srv50213/htdocs/framework/base/CApplication.php(180): CWebApplication->processRequest()
#10 /home/srv50213/htdocs/index.php(16): CApplication->run()
#11 {main}
REQUEST_URI=/order/update/images/tar_x.png
HTTP_REFERER=http://tarex.ru/order/update/1275
---
2014/12/22 16:03:03 [error] [exception.CHttpException.404] exception 'CHttpException' with message 'Невозможно обработать запрос "img/foto/tar_no_photo.jpg".' in /home/srv50213/htdocs/framework/web/CWebApplication.php:286
Stack trace:
#0 /home/srv50213/htdocs/framework/web/CWebApplication.php(141): CWebApplication->runController('img/foto/tar_no...')
#1 /home/srv50213/htdocs/framework/base/CApplication.php(180): CWebApplication->processRequest()
#2 /home/srv50213/htdocs/index.php(16): CApplication->run()
#3 {main}
REQUEST_URI=/img/foto/tar_no_photo.jpg
HTTP_REFERER=http://tarex.ru/order/update/1275
---
2014/12/22 16:03:04 [error] [exception.CHttpException.404] exception 'CHttpException' with message 'Системе не удалось найти запрашиваемое действие "images".' in /home/srv50213/htdocs/framework/web/CController.php:483
Stack trace:
#0 /home/srv50213/htdocs/framework/web/CController.php(270): CController->missingAction('images')
#1 /home/srv50213/htdocs/framework/web/CWebApplication.php(282): CController->run('images')
#2 /home/srv50213/htdocs/framework/web/CWebApplication.php(141): CWebApplication->runController('order/images/im...')
#3 /home/srv50213/htdocs/framework/base/CApplication.php(180): CWebApplication->processRequest()
#4 /home/srv50213/htdocs/index.php(16): CApplication->run()
#5 {main}
REQUEST_URI=/order/images/img_trans.gif
HTTP_REFERER=http://tarex.ru/order/update/1275
---
2014/12/22 16:03:04 [error] [exception.CHttpException.404] exception 'CHttpException' with message 'Невозможно обработать запрос "img/foto/441-1113R-LD-E.jpg".' in /home/srv50213/htdocs/framework/web/CWebApplication.php:286
Stack trace:
#0 /home/srv50213/htdocs/framework/web/CWebApplication.php(141): CWebApplication->runController('img/foto/441-11...')
#1 /home/srv50213/htdocs/framework/base/CApplication.php(180): CWebApplication->processRequest()
#2 /home/srv50213/htdocs/index.php(16): CApplication->run()
#3 {main}
REQUEST_URI=/img/foto/441-1113R-LD-E.jpg
HTTP_REFERER=http://tarex.ru/order/update/1275
---
2014/12/22 16:03:04 [error] [exception.CHttpException.404] exception 'CHttpException' with message 'Невозможно обработать запрос "img/foto/tar_no_photo.jpg".' in /home/srv50213/htdocs/framework/web/CWebApplication.php:286
Stack trace:
#0 /home/srv50213/htdocs/framework/web/CWebApplication.php(141): CWebApplication->runController('img/foto/tar_no...')
#1 /home/srv50213/htdocs/framework/base/CApplication.php(180): CWebApplication->processRequest()
#2 /home/srv50213/htdocs/index.php(16): CApplication->run()
#3 {main}
REQUEST_URI=/img/foto/tar_no_photo.jpg
HTTP_REFERER=http://tarex.ru/order/update/1275
---
2014/12/22 16:03:04 [error] [exception.CHttpException.403] exception 'CHttpException' with message 'У вас недостаточно прав для выполнения указанного действия.' in /home/srv50213/htdocs/framework/web/auth/CAccessControlFilter.php:182
Stack trace:
#0 /home/srv50213/htdocs/framework/web/auth/CAccessControlFilter.php(145): CAccessControlFilter->accessDenied(Object(WebUser), '\xD0\xA3 \xD0\xB2\xD0\xB0\xD1\x81 \xD0\xBD\xD0\xB5\xD0...')
#1 /home/srv50213/htdocs/framework/web/filters/CFilter.php(38): CAccessControlFilter->preFilter(Object(CFilterChain))
#2 /home/srv50213/htdocs/framework/web/CController.php(1145): CFilter->filter(Object(CFilterChain))
#3 /home/srv50213/htdocs/framework/web/filters/CInlineFilter.php(58): CController->filterAccessControl(Object(CFilterChain))
#4 /home/srv50213/htdocs/framework/web/filters/CFilterChain.php(130): CInlineFilter->filter(Object(CFilterChain))
#5 /home/srv50213/htdocs/framework/web/CController.php(291): CFilterChain->run()
#6 /home/srv50213/htdocs/framework/web/CController.php(265): CController->runActionWithFilters(Object(CInlineAction), Array)
#7 /home/srv50213/htdocs/framework/web/CWebApplication.php(282): CController->run('update')
#8 /home/srv50213/htdocs/framework/web/CWebApplication.php(141): CWebApplication->runController('order/update/im...')
#9 /home/srv50213/htdocs/framework/base/CApplication.php(180): CWebApplication->processRequest()
#10 /home/srv50213/htdocs/index.php(16): CApplication->run()
#11 {main}
REQUEST_URI=/order/update/images/tar_x.png
HTTP_REFERER=http://tarex.ru/order/update/1275
---
2014/12/22 16:03:19 [error] [exception.CHttpException.404] exception 'CHttpException' with message 'Системе не удалось найти запрашиваемое действие "images".' in /home/srv50213/htdocs/framework/web/CController.php:483
Stack trace:
#0 /home/srv50213/htdocs/framework/web/CController.php(270): CController->missingAction('images')
#1 /home/srv50213/htdocs/framework/web/CWebApplication.php(282): CController->run('images')
#2 /home/srv50213/htdocs/framework/web/CWebApplication.php(141): CWebApplication->runController('order/images/im...')
#3 /home/srv50213/htdocs/framework/base/CApplication.php(180): CWebApplication->processRequest()
#4 /home/srv50213/htdocs/index.php(16): CApplication->run()
#5 {main}
REQUEST_URI=/order/images/img_trans.gif
HTTP_REFERER=http://tarex.ru/order/update/1275
---
2014/12/22 16:03:19 [error] [exception.CHttpException.403] exception 'CHttpException' with message 'У вас недостаточно прав для выполнения указанного действия.' in /home/srv50213/htdocs/framework/web/auth/CAccessControlFilter.php:182
Stack trace:
#0 /home/srv50213/htdocs/framework/web/auth/CAccessControlFilter.php(145): CAccessControlFilter->accessDenied(Object(WebUser), '\xD0\xA3 \xD0\xB2\xD0\xB0\xD1\x81 \xD0\xBD\xD0\xB5\xD0...')
#1 /home/srv50213/htdocs/framework/web/filters/CFilter.php(38): CAccessControlFilter->preFilter(Object(CFilterChain))
#2 /home/srv50213/htdocs/framework/web/CController.php(1145): CFilter->filter(Object(CFilterChain))
#3 /home/srv50213/htdocs/framework/web/filters/CInlineFilter.php(58): CController->filterAccessControl(Object(CFilterChain))
#4 /home/srv50213/htdocs/framework/web/filters/CFilterChain.php(130): CInlineFilter->filter(Object(CFilterChain))
#5 /home/srv50213/htdocs/framework/web/CController.php(291): CFilterChain->run()
#6 /home/srv50213/htdocs/framework/web/CController.php(265): CController->runActionWithFilters(Object(CInlineAction), Array)
#7 /home/srv50213/htdocs/framework/web/CWebApplication.php(282): CController->run('update')
#8 /home/srv50213/htdocs/framework/web/CWebApplication.php(141): CWebApplication->runController('order/update/im...')
#9 /home/srv50213/htdocs/framework/base/CApplication.php(180): CWebApplication->processRequest()
#10 /home/srv50213/htdocs/index.php(16): CApplication->run()
#11 {main}
REQUEST_URI=/order/update/images/tar_x.png
HTTP_REFERER=http://tarex.ru/order/update/1275
---
2014/12/22 16:03:19 [error] [exception.CHttpException.404] exception 'CHttpException' with message 'Невозможно обработать запрос "img/foto/tar_no_photo.jpg".' in /home/srv50213/htdocs/framework/web/CWebApplication.php:286
Stack trace:
#0 /home/srv50213/htdocs/framework/web/CWebApplication.php(141): CWebApplication->runController('img/foto/tar_no...')
#1 /home/srv50213/htdocs/framework/base/CApplication.php(180): CWebApplication->processRequest()
#2 /home/srv50213/htdocs/index.php(16): CApplication->run()
#3 {main}
REQUEST_URI=/img/foto/tar_no_photo.jpg
HTTP_REFERER=http://tarex.ru/order/update/1275
---
2014/12/22 16:03:19 [error] [exception.CHttpException.404] exception 'CHttpException' with message 'Невозможно обработать запрос "img/foto/AD21.007.jpg".' in /home/srv50213/htdocs/framework/web/CWebApplication.php:286
Stack trace:
#0 /home/srv50213/htdocs/framework/web/CWebApplication.php(141): CWebApplication->runController('img/foto/AD21.0...')
#1 /home/srv50213/htdocs/framework/base/CApplication.php(180): CWebApplication->processRequest()
#2 /home/srv50213/htdocs/index.php(16): CApplication->run()
#3 {main}
REQUEST_URI=/img/foto/AD21.007.jpg
HTTP_REFERER=http://tarex.ru/order/update/1275
---
2014/12/22 16:03:19 [error] [exception.CHttpException.404] exception 'CHttpException' with message 'Системе не удалось найти запрашиваемое действие "images".' in /home/srv50213/htdocs/framework/web/CController.php:483
Stack trace:
#0 /home/srv50213/htdocs/framework/web/CController.php(270): CController->missingAction('images')
#1 /home/srv50213/htdocs/framework/web/CWebApplication.php(282): CController->run('images')
#2 /home/srv50213/htdocs/framework/web/CWebApplication.php(141): CWebApplication->runController('order/images/im...')
#3 /home/srv50213/htdocs/framework/base/CApplication.php(180): CWebApplication->processRequest()
#4 /home/srv50213/htdocs/index.php(16): CApplication->run()
#5 {main}
REQUEST_URI=/order/images/img_trans.gif
HTTP_REFERER=http://tarex.ru/order/update/1275
---
2014/12/22 16:03:19 [error] [exception.CHttpException.404] exception 'CHttpException' with message 'Невозможно обработать запрос "img/foto/AD21.007.jpg".' in /home/srv50213/htdocs/framework/web/CWebApplication.php:286
Stack trace:
#0 /home/srv50213/htdocs/framework/web/CWebApplication.php(141): CWebApplication->runController('img/foto/AD21.0...')
#1 /home/srv50213/htdocs/framework/base/CApplication.php(180): CWebApplication->processRequest()
#2 /home/srv50213/htdocs/index.php(16): CApplication->run()
#3 {main}
REQUEST_URI=/img/foto/AD21.007.jpg
HTTP_REFERER=http://tarex.ru/order/update/1275
---
2014/12/22 16:03:19 [error] [exception.CHttpException.403] exception 'CHttpException' with message 'У вас недостаточно прав для выполнения указанного действия.' in /home/srv50213/htdocs/framework/web/auth/CAccessControlFilter.php:182
Stack trace:
#0 /home/srv50213/htdocs/framework/web/auth/CAccessControlFilter.php(145): CAccessControlFilter->accessDenied(Object(WebUser), '\xD0\xA3 \xD0\xB2\xD0\xB0\xD1\x81 \xD0\xBD\xD0\xB5\xD0...')
#1 /home/srv50213/htdocs/framework/web/filters/CFilter.php(38): CAccessControlFilter->preFilter(Object(CFilterChain))
#2 /home/srv50213/htdocs/framework/web/CController.php(1145): CFilter->filter(Object(CFilterChain))
#3 /home/srv50213/htdocs/framework/web/filters/CInlineFilter.php(58): CController->filterAccessControl(Object(CFilterChain))
#4 /home/srv50213/htdocs/framework/web/filters/CFilterChain.php(130): CInlineFilter->filter(Object(CFilterChain))
#5 /home/srv50213/htdocs/framework/web/CController.php(291): CFilterChain->run()
#6 /home/srv50213/htdocs/framework/web/CController.php(265): CController->runActionWithFilters(Object(CInlineAction), Array)
#7 /home/srv50213/htdocs/framework/web/CWebApplication.php(282): CController->run('update')
#8 /home/srv50213/htdocs/framework/web/CWebApplication.php(141): CWebApplication->runController('order/update/im...')
#9 /home/srv50213/htdocs/framework/base/CApplication.php(180): CWebApplication->processRequest()
#10 /home/srv50213/htdocs/index.php(16): CApplication->run()
#11 {main}
REQUEST_URI=/order/update/images/tar_x.png
HTTP_REFERER=http://tarex.ru/order/update/1275
---
2014/12/22 16:03:19 [error] [exception.CHttpException.404] exception 'CHttpException' with message 'Невозможно обработать запрос "img/foto/tar_no_photo.jpg".' in /home/srv50213/htdocs/framework/web/CWebApplication.php:286
Stack trace:
#0 /home/srv50213/htdocs/framework/web/CWebApplication.php(141): CWebApplication->runController('img/foto/tar_no...')
#1 /home/srv50213/htdocs/framework/base/CApplication.php(180): CWebApplication->processRequest()
#2 /home/srv50213/htdocs/index.php(16): CApplication->run()
#3 {main}
REQUEST_URI=/img/foto/tar_no_photo.jpg
HTTP_REFERER=http://tarex.ru/order/update/1275
---
2014/12/22 16:03:36 [error] [exception.CHttpException.404] exception 'CHttpException' with message 'Невозможно обработать запрос "img/foto/tar_no_photo.jpg".' in /home/srv50213/htdocs/framework/web/CWebApplication.php:286
Stack trace:
#0 /home/srv50213/htdocs/framework/web/CWebApplication.php(141): CWebApplication->runController('img/foto/tar_no...')
#1 /home/srv50213/htdocs/framework/base/CApplication.php(180): CWebApplication->processRequest()
#2 /home/srv50213/htdocs/index.php(16): CApplication->run()
#3 {main}
REQUEST_URI=/img/foto/tar_no_photo.jpg
HTTP_REFERER=http://tarex.ru/order/update/1275
---
2014/12/22 16:03:36 [error] [exception.CHttpException.404] exception 'CHttpException' with message 'Системе не удалось найти запрашиваемое действие "images".' in /home/srv50213/htdocs/framework/web/CController.php:483
Stack trace:
#0 /home/srv50213/htdocs/framework/web/CController.php(270): CController->missingAction('images')
#1 /home/srv50213/htdocs/framework/web/CWebApplication.php(282): CController->run('images')
#2 /home/srv50213/htdocs/framework/web/CWebApplication.php(141): CWebApplication->runController('order/images/im...')
#3 /home/srv50213/htdocs/framework/base/CApplication.php(180): CWebApplication->processRequest()
#4 /home/srv50213/htdocs/index.php(16): CApplication->run()
#5 {main}
REQUEST_URI=/order/images/img_trans.gif
HTTP_REFERER=http://tarex.ru/order/update/1275
---
2014/12/22 16:03:36 [error] [exception.CHttpException.404] exception 'CHttpException' with message 'Невозможно обработать запрос "img/foto/tar_img_6_old.jpg".' in /home/srv50213/htdocs/framework/web/CWebApplication.php:286
Stack trace:
#0 /home/srv50213/htdocs/framework/web/CWebApplication.php(141): CWebApplication->runController('img/foto/tar_im...')
#1 /home/srv50213/htdocs/framework/base/CApplication.php(180): CWebApplication->processRequest()
#2 /home/srv50213/htdocs/index.php(16): CApplication->run()
#3 {main}
REQUEST_URI=/img/foto/tar_img_6_old.jpg
HTTP_REFERER=http://tarex.ru/order/update/1275
---
2014/12/22 16:03:36 [error] [exception.CHttpException.403] exception 'CHttpException' with message 'У вас недостаточно прав для выполнения указанного действия.' in /home/srv50213/htdocs/framework/web/auth/CAccessControlFilter.php:182
Stack trace:
#0 /home/srv50213/htdocs/framework/web/auth/CAccessControlFilter.php(145): CAccessControlFilter->accessDenied(Object(WebUser), '\xD0\xA3 \xD0\xB2\xD0\xB0\xD1\x81 \xD0\xBD\xD0\xB5\xD0...')
#1 /home/srv50213/htdocs/framework/web/filters/CFilter.php(38): CAccessControlFilter->preFilter(Object(CFilterChain))
#2 /home/srv50213/htdocs/framework/web/CController.php(1145): CFilter->filter(Object(CFilterChain))
#3 /home/srv50213/htdocs/framework/web/filters/CInlineFilter.php(58): CController->filterAccessControl(Object(CFilterChain))
#4 /home/srv50213/htdocs/framework/web/filters/CFilterChain.php(130): CInlineFilter->filter(Object(CFilterChain))
#5 /home/srv50213/htdocs/framework/web/CController.php(291): CFilterChain->run()
#6 /home/srv50213/htdocs/framework/web/CController.php(265): CController->runActionWithFilters(Object(CInlineAction), Array)
#7 /home/srv50213/htdocs/framework/web/CWebApplication.php(282): CController->run('update')
#8 /home/srv50213/htdocs/framework/web/CWebApplication.php(141): CWebApplication->runController('order/update/im...')
#9 /home/srv50213/htdocs/framework/base/CApplication.php(180): CWebApplication->processRequest()
#10 /home/srv50213/htdocs/index.php(16): CApplication->run()
#11 {main}
REQUEST_URI=/order/update/images/tar_x.png
HTTP_REFERER=http://tarex.ru/order/update/1275
---
2014/12/22 16:03:36 [error] [exception.CHttpException.404] exception 'CHttpException' with message 'Невозможно обработать запрос "img/foto/440-1919L-UE.jpg".' in /home/srv50213/htdocs/framework/web/CWebApplication.php:286
Stack trace:
#0 /home/srv50213/htdocs/framework/web/CWebApplication.php(141): CWebApplication->runController('img/foto/440-19...')
#1 /home/srv50213/htdocs/framework/base/CApplication.php(180): CWebApplication->processRequest()
#2 /home/srv50213/htdocs/index.php(16): CApplication->run()
#3 {main}
REQUEST_URI=/img/foto/440-1919L-UE.jpg
HTTP_REFERER=http://tarex.ru/order/update/1275
---
2014/12/22 16:03:37 [error] [exception.CHttpException.404] exception 'CHttpException' with message 'Системе не удалось найти запрашиваемое действие "images".' in /home/srv50213/htdocs/framework/web/CController.php:483
Stack trace:
#0 /home/srv50213/htdocs/framework/web/CController.php(270): CController->missingAction('images')
#1 /home/srv50213/htdocs/framework/web/CWebApplication.php(282): CController->run('images')
#2 /home/srv50213/htdocs/framework/web/CWebApplication.php(141): CWebApplication->runController('order/images/im...')
#3 /home/srv50213/htdocs/framework/base/CApplication.php(180): CWebApplication->processRequest()
#4 /home/srv50213/htdocs/index.php(16): CApplication->run()
#5 {main}
REQUEST_URI=/order/images/img_trans.gif
HTTP_REFERER=http://tarex.ru/order/update/1275
---
2014/12/22 16:03:37 [error] [exception.CHttpException.404] exception 'CHttpException' with message 'Невозможно обработать запрос "img/foto/tar_no_photo.jpg".' in /home/srv50213/htdocs/framework/web/CWebApplication.php:286
Stack trace:
#0 /home/srv50213/htdocs/framework/web/CWebApplication.php(141): CWebApplication->runController('img/foto/tar_no...')
#1 /home/srv50213/htdocs/framework/base/CApplication.php(180): CWebApplication->processRequest()
#2 /home/srv50213/htdocs/index.php(16): CApplication->run()
#3 {main}
REQUEST_URI=/img/foto/tar_no_photo.jpg
HTTP_REFERER=http://tarex.ru/order/update/1275
---
2014/12/22 16:03:37 [error] [exception.CHttpException.404] exception 'CHttpException' with message 'Невозможно обработать запрос "img/foto/440-1919L-UE.jpg".' in /home/srv50213/htdocs/framework/web/CWebApplication.php:286
Stack trace:
#0 /home/srv50213/htdocs/framework/web/CWebApplication.php(141): CWebApplication->runController('img/foto/440-19...')
#1 /home/srv50213/htdocs/framework/base/CApplication.php(180): CWebApplication->processRequest()
#2 /home/srv50213/htdocs/index.php(16): CApplication->run()
#3 {main}
REQUEST_URI=/img/foto/440-1919L-UE.jpg
HTTP_REFERER=http://tarex.ru/order/update/1275
---
2014/12/22 16:03:37 [error] [exception.CHttpException.404] exception 'CHttpException' with message 'Невозможно обработать запрос "img/foto/tar_img_6_old.jpg".' in /home/srv50213/htdocs/framework/web/CWebApplication.php:286
Stack trace:
#0 /home/srv50213/htdocs/framework/web/CWebApplication.php(141): CWebApplication->runController('img/foto/tar_im...')
#1 /home/srv50213/htdocs/framework/base/CApplication.php(180): CWebApplication->processRequest()
#2 /home/srv50213/htdocs/index.php(16): CApplication->run()
#3 {main}
REQUEST_URI=/img/foto/tar_img_6_old.jpg
HTTP_REFERER=http://tarex.ru/order/update/1275
---
2014/12/22 16:03:37 [error] [exception.CHttpException.403] exception 'CHttpException' with message 'У вас недостаточно прав для выполнения указанного действия.' in /home/srv50213/htdocs/framework/web/auth/CAccessControlFilter.php:182
Stack trace:
#0 /home/srv50213/htdocs/framework/web/auth/CAccessControlFilter.php(145): CAccessControlFilter->accessDenied(Object(WebUser), '\xD0\xA3 \xD0\xB2\xD0\xB0\xD1\x81 \xD0\xBD\xD0\xB5\xD0...')
#1 /home/srv50213/htdocs/framework/web/filters/CFilter.php(38): CAccessControlFilter->preFilter(Object(CFilterChain))
#2 /home/srv50213/htdocs/framework/web/CController.php(1145): CFilter->filter(Object(CFilterChain))
#3 /home/srv50213/htdocs/framework/web/filters/CInlineFilter.php(58): CController->filterAccessControl(Object(CFilterChain))
#4 /home/srv50213/htdocs/framework/web/filters/CFilterChain.php(130): CInlineFilter->filter(Object(CFilterChain))
#5 /home/srv50213/htdocs/framework/web/CController.php(291): CFilterChain->run()
#6 /home/srv50213/htdocs/framework/web/CController.php(265): CController->runActionWithFilters(Object(CInlineAction), Array)
#7 /home/srv50213/htdocs/framework/web/CWebApplication.php(282): CController->run('update')
#8 /home/srv50213/htdocs/framework/web/CWebApplication.php(141): CWebApplication->runController('order/update/im...')
#9 /home/srv50213/htdocs/framework/base/CApplication.php(180): CWebApplication->processRequest()
#10 /home/srv50213/htdocs/index.php(16): CApplication->run()
#11 {main}
REQUEST_URI=/order/update/images/tar_x.png
HTTP_REFERER=http://tarex.ru/order/update/1275
---
2014/12/22 16:09:19 [error] [exception.CHttpException.404] exception 'CHttpException' with message 'Невозможно обработать запрос "assortment/index2".' in /home/srv50213/htdocs/framework/web/CWebApplication.php:286
Stack trace:
#0 /home/srv50213/htdocs/framework/web/CWebApplication.php(141): CWebApplication->runController('assortment/inde...')
#1 /home/srv50213/htdocs/framework/base/CApplication.php(180): CWebApplication->processRequest()
#2 /home/srv50213/htdocs/index.php(16): CApplication->run()
#3 {main}
REQUEST_URI=/assortment/index2
---
2014/12/22 16:09:43 [error] [exception.CHttpException.404] exception 'CHttpException' with message 'Невозможно обработать запрос "app2/img/favicon.ico".' in /home/srv50213/htdocs/framework/web/CWebApplication.php:286
Stack trace:
#0 /home/srv50213/htdocs/framework/web/CWebApplication.php(141): CWebApplication->runController('app2/img/favico...')
#1 /home/srv50213/htdocs/framework/base/CApplication.php(180): CWebApplication->processRequest()
#2 /home/srv50213/htdocs/index.php(16): CApplication->run()
#3 {main}
REQUEST_URI=/app2/img/favicon.ico
---
2014/12/22 16:11:01 [error] [exception.CHttpException.404] exception 'CHttpException' with message 'Системе не удалось найти запрашиваемое действие "images".' in /home/srv50213/htdocs/framework/web/CController.php:483
Stack trace:
#0 /home/srv50213/htdocs/framework/web/CController.php(270): CController->missingAction('images')
#1 /home/srv50213/htdocs/framework/web/CWebApplication.php(282): CController->run('images')
#2 /home/srv50213/htdocs/framework/web/CWebApplication.php(141): CWebApplication->runController('assortment/imag...')
#3 /home/srv50213/htdocs/framework/base/CApplication.php(180): CWebApplication->processRequest()
#4 /home/srv50213/htdocs/index.php(16): CApplication->run()
#5 {main}
REQUEST_URI=/assortment/images/tar_x.png
HTTP_REFERER=http://tarex.ru/assortment/index
---
2014/12/22 16:11:02 [error] [exception.CHttpException.404] exception 'CHttpException' with message 'Невозможно обработать запрос "css/bootstrap.css.map".' in /home/srv50213/htdocs/framework/web/CWebApplication.php:286
Stack trace:
#0 /home/srv50213/htdocs/framework/web/CWebApplication.php(141): CWebApplication->runController('css/bootstrap.c...')
#1 /home/srv50213/htdocs/framework/base/CApplication.php(180): CWebApplication->processRequest()
#2 /home/srv50213/htdocs/index.php(16): CApplication->run()
#3 {main}
REQUEST_URI=/css/bootstrap.css.map
HTTP_REFERER=http://tarex.ru/assortment/index
---
2014/12/22 16:11:02 [error] [exception.CHttpException.404] exception 'CHttpException' with message 'Невозможно обработать запрос "css/bootstrap-theme.css.map".' in /home/srv50213/htdocs/framework/web/CWebApplication.php:286
Stack trace:
#0 /home/srv50213/htdocs/framework/web/CWebApplication.php(141): CWebApplication->runController('css/bootstrap-t...')
#1 /home/srv50213/htdocs/framework/base/CApplication.php(180): CWebApplication->processRequest()
#2 /home/srv50213/htdocs/index.php(16): CApplication->run()
#3 {main}
REQUEST_URI=/css/bootstrap-theme.css.map
HTTP_REFERER=http://tarex.ru/assortment/index
---
2014/12/22 16:11:44 [error] [exception.CHttpException.404] exception 'CHttpException' with message 'Системе не удалось найти запрашиваемое действие "images".' in /home/srv50213/htdocs/framework/web/CController.php:483
Stack trace:
#0 /home/srv50213/htdocs/framework/web/CController.php(270): CController->missingAction('images')
#1 /home/srv50213/htdocs/framework/web/CWebApplication.php(282): CController->run('images')
#2 /home/srv50213/htdocs/framework/web/CWebApplication.php(141): CWebApplication->runController('assortment/imag...')
#3 /home/srv50213/htdocs/framework/base/CApplication.php(180): CWebApplication->processRequest()
#4 /home/srv50213/htdocs/index.php(16): CApplication->run()
#5 {main}
REQUEST_URI=/assortment/images/tar_x.png
HTTP_REFERER=http://tarex.ru/assortment/cart
---
2014/12/22 16:11:45 [error] [exception.CHttpException.404] exception 'CHttpException' with message 'Системе не удалось найти запрашиваемое действие "images".' in /home/srv50213/htdocs/framework/web/CController.php:483
Stack trace:
#0 /home/srv50213/htdocs/framework/web/CController.php(270): CController->missingAction('images')
#1 /home/srv50213/htdocs/framework/web/CWebApplication.php(282): CController->run('images')
#2 /home/srv50213/htdocs/framework/web/CWebApplication.php(141): CWebApplication->runController('assortment/imag...')
#3 /home/srv50213/htdocs/framework/base/CApplication.php(180): CWebApplication->processRequest()
#4 /home/srv50213/htdocs/index.php(16): CApplication->run()
#5 {main}
REQUEST_URI=/assortment/images/tar_x.png
HTTP_REFERER=http://tarex.ru/assortment/cart
---
2014/12/22 16:11:54 [error] [exception.CHttpException.404] exception 'CHttpException' with message 'Системе не удалось найти запрашиваемое действие "images".' in /home/srv50213/htdocs/framework/web/CController.php:483
Stack trace:
#0 /home/srv50213/htdocs/framework/web/CController.php(270): CController->missingAction('images')
#1 /home/srv50213/htdocs/framework/web/CWebApplication.php(282): CController->run('images')
#2 /home/srv50213/htdocs/framework/web/CWebApplication.php(141): CWebApplication->runController('assortment/imag...')
#3 /home/srv50213/htdocs/framework/base/CApplication.php(180): CWebApplication->processRequest()
#4 /home/srv50213/htdocs/index.php(16): CApplication->run()
#5 {main}
REQUEST_URI=/assortment/images/tar_x.png
HTTP_REFERER=http://tarex.ru/assortment/checkout
---
2014/12/22 16:11:58 [error] [exception.CHttpException.404] exception 'CHttpException' with message 'Системе не удалось найти запрашиваемое действие "images".' in /home/srv50213/htdocs/framework/web/CController.php:483
Stack trace:
#0 /home/srv50213/htdocs/framework/web/CController.php(270): CController->missingAction('images')
#1 /home/srv50213/htdocs/framework/web/CWebApplication.php(282): CController->run('images')
#2 /home/srv50213/htdocs/framework/web/CWebApplication.php(141): CWebApplication->runController('order/images/im...')
#3 /home/srv50213/htdocs/framework/base/CApplication.php(180): CWebApplication->processRequest()
#4 /home/srv50213/htdocs/index.php(16): CApplication->run()
#5 {main}
REQUEST_URI=/order/images/img_trans.gif
HTTP_REFERER=http://tarex.ru/order/update/1277
---
2014/12/22 16:11:58 [error] [exception.CHttpException.400] exception 'CHttpException' with message 'Некорректный запрос.' in /home/srv50213/htdocs/framework/web/CController.php:336
Stack trace:
#0 /home/srv50213/htdocs/framework/web/CController.php(309): CController->invalidActionParams(Object(CInlineAction))
#1 /home/srv50213/htdocs/framework/web/filters/CFilterChain.php(133): CController->runAction(Object(CInlineAction))
#2 /home/srv50213/htdocs/framework/web/filters/CFilter.php(40): CFilterChain->run()
#3 /home/srv50213/htdocs/framework/web/CController.php(1145): CFilter->filter(Object(CFilterChain))
#4 /home/srv50213/htdocs/framework/web/filters/CInlineFilter.php(58): CController->filterAccessControl(Object(CFilterChain))
#5 /home/srv50213/htdocs/framework/web/filters/CFilterChain.php(130): CInlineFilter->filter(Object(CFilterChain))
#6 /home/srv50213/htdocs/framework/web/CController.php(291): CFilterChain->run()
#7 /home/srv50213/htdocs/framework/web/CController.php(265): CController->runActionWithFilters(Object(CInlineAction), Array)
#8 /home/srv50213/htdocs/framework/web/CWebApplication.php(282): CController->run('update')
#9 /home/srv50213/htdocs/framework/web/CWebApplication.php(141): CWebApplication->runController('order/update/im...')
#10 /home/srv50213/htdocs/framework/base/CApplication.php(180): CWebApplication->processRequest()
#11 /home/srv50213/htdocs/index.php(16): CApplication->run()
#12 {main}
REQUEST_URI=/order/update/images/tar_x.png
HTTP_REFERER=http://tarex.ru/order/update/1277
---
2014/12/22 16:12:49 [error] [exception.CHttpException.404] exception 'CHttpException' with message 'Невозможно обработать запрос "app2/index.php".' in /home/srv50213/htdocs/framework/web/CWebApplication.php:286
Stack trace:
#0 /home/srv50213/htdocs/framework/web/CWebApplication.php(141): CWebApplication->runController('app2/index.php')
#1 /home/srv50213/htdocs/framework/base/CApplication.php(180): CWebApplication->processRequest()
#2 /home/srv50213/htdocs/index.php(16): CApplication->run()
#3 {main}
REQUEST_URI=/app2/index.php?r=assortment/index&subgroup=%D0%A5%D0%9E%D0%94%D0%9E%D0%92%D0%90%D0%AF+%D0%A1%D0%98%D0%A1%D0%A2%D0%95%D0%9C%D0%90&Assortment_page=23
---
2014/12/22 16:13:19 [error] [exception.CHttpException.404] exception 'CHttpException' with message 'Системе не удалось найти запрашиваемое действие "images".' in /home/srv50213/htdocs/framework/web/CController.php:483
Stack trace:
#0 /home/srv50213/htdocs/framework/web/CController.php(270): CController->missingAction('images')
#1 /home/srv50213/htdocs/framework/web/CWebApplication.php(282): CController->run('images')
#2 /home/srv50213/htdocs/framework/web/CWebApplication.php(141): CWebApplication->runController('assortment/imag...')
#3 /home/srv50213/htdocs/framework/base/CApplication.php(180): CWebApplication->processRequest()
#4 /home/srv50213/htdocs/index.php(16): CApplication->run()
#5 {main}
REQUEST_URI=/assortment/images/tar_x.png
HTTP_REFERER=http://tarex.ru/assortment/index
---
2014/12/22 16:13:19 [error] [exception.CHttpException.404] exception 'CHttpException' with message 'Системе не удалось найти запрашиваемое действие "images".' in /home/srv50213/htdocs/framework/web/CController.php:483
Stack trace:
#0 /home/srv50213/htdocs/framework/web/CController.php(270): CController->missingAction('images')
#1 /home/srv50213/htdocs/framework/web/CWebApplication.php(282): CController->run('images')
#2 /home/srv50213/htdocs/framework/web/CWebApplication.php(141): CWebApplication->runController('assortment/imag...')
#3 /home/srv50213/htdocs/framework/base/CApplication.php(180): CWebApplication->processRequest()
#4 /home/srv50213/htdocs/index.php(16): CApplication->run()
#5 {main}
REQUEST_URI=/assortment/images/tar_x.png
HTTP_REFERER=http://tarex.ru/assortment/index
---
2014/12/22 16:15:03 [error] [exception.CHttpException.404] exception 'CHttpException' with message 'Невозможно обработать запрос "hella-1-1.jpg".' in /home/srv50213/htdocs/framework/web/CWebApplication.php:286
Stack trace:
#0 /home/srv50213/htdocs/framework/web/CWebApplication.php(141): CWebApplication->runController('hella-1-1.jpg')
#1 /home/srv50213/htdocs/framework/base/CApplication.php(180): CWebApplication->processRequest()
#2 /home/srv50213/htdocs/index.php(16): CApplication->run()
#3 {main}
REQUEST_URI=/index.php/hella-1-1.jpg
HTTP_REFERER=http://yandex.ru/images/search?img_url=http%3A%2F%2Fi2.guns.ru%2Fforums%2Ficons%2Fforum_pictures%2F004520%2F4520662.jpg&uinfo=sw-1024-sh-768-ww-1008-wh-637-pd-1-wp-4x3_1024x768&_=1419250410758&viewport=wide&p=1&text=%D0%B2%D0%BE%D0%BB%D0%BC%D0%B0%20%D1%81%D0%B5%D1%80%D1%82%D0%B8%D1%84%D0%B8%D0%BA%D0%B0%D1%82%D1%8B&noreask=1&pos=34&rpt=simage&lr=191&pin=1
---
2014/12/22 16:16:08 [error] [exception.CHttpException.404] exception 'CHttpException' with message 'Системе не удалось найти запрашиваемое действие "images".' in /home/srv50213/htdocs/framework/web/CController.php:483
Stack trace:
#0 /home/srv50213/htdocs/framework/web/CController.php(270): CController->missingAction('images')
#1 /home/srv50213/htdocs/framework/web/CWebApplication.php(282): CController->run('images')
#2 /home/srv50213/htdocs/framework/web/CWebApplication.php(141): CWebApplication->runController('assortment/imag...')
#3 /home/srv50213/htdocs/framework/base/CApplication.php(180): CWebApplication->processRequest()
#4 /home/srv50213/htdocs/index.php(16): CApplication->run()
#5 {main}
REQUEST_URI=/assortment/images/img_trans.gif
HTTP_REFERER=http://tarex.ru/assortment/index/1820
---
2014/12/22 16:16:20 [error] [exception.CHttpException.404] exception 'CHttpException' with message 'Системе не удалось найти запрашиваемое действие "images".' in /home/srv50213/htdocs/framework/web/CController.php:483
Stack trace:
#0 /home/srv50213/htdocs/framework/web/CController.php(270): CController->missingAction('images')
#1 /home/srv50213/htdocs/framework/web/CWebApplication.php(282): CController->run('images')
#2 /home/srv50213/htdocs/framework/web/CWebApplication.php(141): CWebApplication->runController('assortment/imag...')
#3 /home/srv50213/htdocs/framework/base/CApplication.php(180): CWebApplication->processRequest()
#4 /home/srv50213/htdocs/index.php(16): CApplication->run()
#5 {main}
REQUEST_URI=/assortment/images/tar_x.png
HTTP_REFERER=http://tarex.ru/assortment/index?Assortment%5Btitle%5D=&Assortment%5Barticle%5D=&Assortment%5BgroupCategory%5D=&find-with-filter=%D0%9D%D0%B0%D0%B9%D1%82%D0%B8&id=1820&Body%5BSOUL%5D=0&Body%5BFORTE%5D=0&Body%5BOPTIMA%5D=0&Series%5B1821%5D=CEED&Body%5BCEED+%2807-+%29%5D=1821
---
2014/12/22 16:18:15 [error] [exception.CHttpException.404] exception 'CHttpException' with message 'Системе не удалось найти запрашиваемое действие "images".' in /home/srv50213/htdocs/framework/web/CController.php:483
Stack trace:
#0 /home/srv50213/htdocs/framework/web/CController.php(270): CController->missingAction('images')
#1 /home/srv50213/htdocs/framework/web/CWebApplication.php(282): CController->run('images')
#2 /home/srv50213/htdocs/framework/web/CWebApplication.php(141): CWebApplication->runController('assortment/imag...')
#3 /home/srv50213/htdocs/framework/base/CApplication.php(180): CWebApplication->processRequest()
#4 /home/srv50213/htdocs/index.php(16): CApplication->run()
#5 {main}
REQUEST_URI=/assortment/images/img_trans.gif
HTTP_REFERER=http://tarex.ru/assortment/index/2172
---
2014/12/22 16:18:28 [error] [exception.CHttpException.404] exception 'CHttpException' with message 'Невозможно обработать запрос "app2/index.php".' in /home/srv50213/htdocs/framework/web/CWebApplication.php:286
Stack trace:
#0 /home/srv50213/htdocs/framework/web/CWebApplication.php(141): CWebApplication->runController('app2/index.php')
#1 /home/srv50213/htdocs/framework/base/CApplication.php(180): CWebApplication->processRequest()
#2 /home/srv50213/htdocs/index.php(16): CApplication->run()
#3 {main}
REQUEST_URI=/app2/index.php?r=assortment/index&subgroup=%D0%A5%D0%9E%D0%94%D0%9E%D0%92%D0%90%D0%AF+%D0%A1%D0%98%D0%A1%D0%A2%D0%95%D0%9C%D0%90&Assortment_sort=title.desc&Assortment_page=5
---
2014/12/22 16:18:28 [error] [exception.CHttpException.404] exception 'CHttpException' with message 'Системе не удалось найти запрашиваемое действие "images".' in /home/srv50213/htdocs/framework/web/CController.php:483
Stack trace:
#0 /home/srv50213/htdocs/framework/web/CController.php(270): CController->missingAction('images')
#1 /home/srv50213/htdocs/framework/web/CWebApplication.php(282): CController->run('images')
#2 /home/srv50213/htdocs/framework/web/CWebApplication.php(141): CWebApplication->runController('assortment/imag...')
#3 /home/srv50213/htdocs/framework/base/CApplication.php(180): CWebApplication->processRequest()
#4 /home/srv50213/htdocs/index.php(16): CApplication->run()
#5 {main}
REQUEST_URI=/assortment/images/tar_x.png
HTTP_REFERER=http://tarex.ru/assortment/index?Assortment%5Btitle%5D=&Assortment%5Barticle%5D=&Assortment%5BgroupCategory%5D=&find-with-filter=%D0%9D%D0%B0%D0%B9%D1%82%D0%B8&id=2172&Body%5BSPRINTER%5D=0&Body%5BVITO%5D=0&Series%5B2191%5D=C+CLASS&Body%5BW204%5D=2191
---
2014/12/22 16:18:40 [error] [exception.CHttpException.404] exception 'CHttpException' with message 'Системе не удалось найти запрашиваемое действие "images".' in /home/srv50213/htdocs/framework/web/CController.php:483
Stack trace:
#0 /home/srv50213/htdocs/framework/web/CController.php(270): CController->missingAction('images')
#1 /home/srv50213/htdocs/framework/web/CWebApplication.php(282): CController->run('images')
#2 /home/srv50213/htdocs/framework/web/CWebApplication.php(141): CWebApplication->runController('assortment/imag...')
#3 /home/srv50213/htdocs/framework/base/CApplication.php(180): CWebApplication->processRequest()
#4 /home/srv50213/htdocs/index.php(16): CApplication->run()
#5 {main}
REQUEST_URI=/assortment/images/tar_x.png
HTTP_REFERER=http://tarex.ru/assortment/4
---
2014/12/22 16:18:43 [error] [exception.CHttpException.404] exception 'CHttpException' with message 'Системе не удалось найти запрашиваемое действие "images".' in /home/srv50213/htdocs/framework/web/CController.php:483
Stack trace:
#0 /home/srv50213/htdocs/framework/web/CController.php(270): CController->missingAction('images')
#1 /home/srv50213/htdocs/framework/web/CWebApplication.php(282): CController->run('images')
#2 /home/srv50213/htdocs/framework/web/CWebApplication.php(141): CWebApplication->runController('assortment/imag...')
#3 /home/srv50213/htdocs/framework/base/CApplication.php(180): CWebApplication->processRequest()
#4 /home/srv50213/htdocs/index.php(16): CApplication->run()
#5 {main}
REQUEST_URI=/assortment/images/tar_x.png
HTTP_REFERER=http://tarex.ru/assortment/index?Assortment%5Btitle%5D=&Assortment%5Barticle%5D=&Assortment%5BgroupCategory%5D=&find-with-filter=%D0%9D%D0%B0%D0%B9%D1%82%D0%B8&id=2172&Body%5BSPRINTER%5D=0&Body%5BVITO%5D=0&Series%5B2191%5D=C+CLASS&Body%5BW204%5D=2191
---
2014/12/22 16:19:47 [error] [exception.CHttpException.404] exception 'CHttpException' with message 'Системе не удалось найти запрашиваемое действие "images".' in /home/srv50213/htdocs/framework/web/CController.php:483
Stack trace:
#0 /home/srv50213/htdocs/framework/web/CController.php(270): CController->missingAction('images')
#1 /home/srv50213/htdocs/framework/web/CWebApplication.php(282): CController->run('images')
#2 /home/srv50213/htdocs/framework/web/CWebApplication.php(141): CWebApplication->runController('assortment/imag...')
#3 /home/srv50213/htdocs/framework/base/CApplication.php(180): CWebApplication->processRequest()
#4 /home/srv50213/htdocs/index.php(16): CApplication->run()
#5 {main}
REQUEST_URI=/assortment/images/tar_x.png
HTTP_REFERER=http://tarex.ru/assortment/index?findbyoem-value=441-1919R-UE
---
2014/12/22 16:20:50 [error] [exception.CHttpException.404] exception 'CHttpException' with message 'Невозможно обработать запрос "app2/index.php".' in /home/srv50213/htdocs/framework/web/CWebApplication.php:286
Stack trace:
#0 /home/srv50213/htdocs/framework/web/CWebApplication.php(141): CWebApplication->runController('app2/index.php')
#1 /home/srv50213/htdocs/framework/base/CApplication.php(180): CWebApplication->processRequest()
#2 /home/srv50213/htdocs/index.php(16): CApplication->run()
#3 {main}
REQUEST_URI=/app2/index.php?r=assortment/index&subgroup=%D0%A1%D0%98%D0%A1%D0%A2%D0%95%D0%9C%D0%90+%D0%9E%D0%A5%D0%9B%D0%90%D0%96%D0%94%D0%95%D0%9D%D0%98%D0%AF&Assortment_sort=manufacturer
---
2014/12/22 16:21:26 [error] [exception.CHttpException.404] exception 'CHttpException' with message 'Системе не удалось найти запрашиваемое действие "images".' in /home/srv50213/htdocs/framework/web/CController.php:483
Stack trace:
#0 /home/srv50213/htdocs/framework/web/CController.php(270): CController->missingAction('images')
#1 /home/srv50213/htdocs/framework/web/CWebApplication.php(282): CController->run('images')
#2 /home/srv50213/htdocs/framework/web/CWebApplication.php(141): CWebApplication->runController('assortment/imag...')
#3 /home/srv50213/htdocs/framework/base/CApplication.php(180): CWebApplication->processRequest()
#4 /home/srv50213/htdocs/index.php(16): CApplication->run()
#5 {main}
REQUEST_URI=/assortment/images/img_trans.gif
HTTP_REFERER=http://tarex.ru/assortment/index/2172
---
