2014/11/06 15:13:45 [error] [exception.CHttpException.400] exception 'CHttpException' with message 'Невозможно определить CSRF.' in /home/srv50213/htdocs/framework/web/CHttpRequest.php:1247
Stack trace:
#0 /home/srv50213/htdocs/framework/base/CComponent.php(561): CHttpRequest->validateCsrfToken(Object(CEvent))
#1 /home/srv50213/htdocs/framework/base/CApplication.php(207): CComponent->raiseEvent('onBeginRequest', Object(CEvent))
#2 /home/srv50213/htdocs/framework/base/CApplication.php(178): CApplication->onBeginRequest(Object(CEvent))
#3 /home/srv50213/htdocs/app3/index.php(17): CApplication->run()
#4 {main}
REQUEST_URI=/app3/index.php?r=user/update/id/320
HTTP_REFERER=http://tarex.ru/app3/index.php?r=user/update/id/320
---
2014/11/06 15:14:53 [error] [exception.CHttpException.400] exception 'CHttpException' with message 'Невозможно определить CSRF.' in /home/srv50213/htdocs/framework/web/CHttpRequest.php:1247
Stack trace:
#0 /home/srv50213/htdocs/framework/base/CComponent.php(561): CHttpRequest->validateCsrfToken(Object(CEvent))
#1 /home/srv50213/htdocs/framework/base/CApplication.php(207): CComponent->raiseEvent('onBeginRequest', Object(CEvent))
#2 /home/srv50213/htdocs/framework/base/CApplication.php(178): CApplication->onBeginRequest(Object(CEvent))
#3 /home/srv50213/htdocs/app3/index.php(17): CApplication->run()
#4 {main}
REQUEST_URI=/app3/?r=userGroupDiscount/bulkSave
HTTP_REFERER=http://tarex.ru/app3/index.php?r=user/update/id/320
---
2014/11/06 15:16:27 [error] [exception.CHttpException.400] exception 'CHttpException' with message 'Невозможно определить CSRF.' in /home/srv50213/htdocs/framework/web/CHttpRequest.php:1247
Stack trace:
#0 /home/srv50213/htdocs/framework/base/CComponent.php(561): CHttpRequest->validateCsrfToken(Object(CEvent))
#1 /home/srv50213/htdocs/framework/base/CApplication.php(207): CComponent->raiseEvent('onBeginRequest', Object(CEvent))
#2 /home/srv50213/htdocs/framework/base/CApplication.php(178): CApplication->onBeginRequest(Object(CEvent))
#3 /home/srv50213/htdocs/app3/index.php(17): CApplication->run()
#4 {main}
REQUEST_URI=/app3/?r=userGroupDiscount/bulkSave
HTTP_REFERER=http://tarex.ru/app3/index.php?r=user/update/id/320
---
2014/11/06 15:17:00 [error] [exception.CHttpException.400] exception 'CHttpException' with message 'Невозможно определить CSRF.' in /home/srv50213/htdocs/framework/web/CHttpRequest.php:1247
Stack trace:
#0 /home/srv50213/htdocs/framework/base/CComponent.php(561): CHttpRequest->validateCsrfToken(Object(CEvent))
#1 /home/srv50213/htdocs/framework/base/CApplication.php(207): CComponent->raiseEvent('onBeginRequest', Object(CEvent))
#2 /home/srv50213/htdocs/framework/base/CApplication.php(178): CApplication->onBeginRequest(Object(CEvent))
#3 /home/srv50213/htdocs/app3/index.php(17): CApplication->run()
#4 {main}
REQUEST_URI=/app3/?r=userGroupDiscount/bulkSave
HTTP_REFERER=http://tarex.ru/app3/index.php?r=user/update/id/320
---
2014/11/06 15:18:15 [error] [exception.CHttpException.400] exception 'CHttpException' with message 'Невозможно определить CSRF.' in /home/srv50213/htdocs/framework/web/CHttpRequest.php:1247
Stack trace:
#0 /home/srv50213/htdocs/framework/base/CComponent.php(561): CHttpRequest->validateCsrfToken(Object(CEvent))
#1 /home/srv50213/htdocs/framework/base/CApplication.php(207): CComponent->raiseEvent('onBeginRequest', Object(CEvent))
#2 /home/srv50213/htdocs/framework/base/CApplication.php(178): CApplication->onBeginRequest(Object(CEvent))
#3 /home/srv50213/htdocs/app3/index.php(17): CApplication->run()
#4 {main}
REQUEST_URI=/app3/?r=userGroupDiscount/bulkSave
HTTP_REFERER=http://tarex.ru/app3/index.php?r=user/update/id/320
---
2014/11/06 15:19:25 [error] [exception.CHttpException.400] exception 'CHttpException' with message 'Невозможно определить CSRF.' in /home/srv50213/htdocs/framework/web/CHttpRequest.php:1247
Stack trace:
#0 /home/srv50213/htdocs/framework/base/CComponent.php(561): CHttpRequest->validateCsrfToken(Object(CEvent))
#1 /home/srv50213/htdocs/framework/base/CApplication.php(207): CComponent->raiseEvent('onBeginRequest', Object(CEvent))
#2 /home/srv50213/htdocs/framework/base/CApplication.php(178): CApplication->onBeginRequest(Object(CEvent))
#3 /home/srv50213/htdocs/app3/index.php(17): CApplication->run()
#4 {main}
REQUEST_URI=/app3/?r=userGroupDiscount/update&id=1
HTTP_REFERER=http://tarex.ru/app3/index.php?r=user/update/id/320
---
2014/11/06 15:31:38 [error] [exception.CException] exception 'CException' with message 'Не определено свойство "UserGroupDiscount.groupDiscountId".' in /home/srv50213/htdocs/framework/base/CComponent.php:173
Stack trace:
#0 /home/srv50213/htdocs/framework/db/ar/CActiveRecord.php(161): CComponent->__set('groupDiscountId', '1')
#1 /home/srv50213/htdocs/app3/protected/controllers/UserController.php(118): CActiveRecord->__set('groupDiscountId', '1')
#2 [internal function]: UserController->actionUpdate('320')
#3 /home/srv50213/htdocs/framework/web/actions/CAction.php(108): ReflectionMethod->invokeArgs(Object(UserController), Array)
#4 /home/srv50213/htdocs/framework/web/actions/CInlineAction.php(47): CAction->runWithParamsInternal(Object(UserController), Object(ReflectionMethod), Array)
#5 /home/srv50213/htdocs/framework/web/CController.php(308): CInlineAction->runWithParams(Array)
#6 /home/srv50213/htdocs/framework/web/filters/CFilterChain.php(133): CController->runAction(Object(CInlineAction))
#7 /home/srv50213/htdocs/framework/web/filters/CFilter.php(40): CFilterChain->run()
#8 /home/srv50213/htdocs/framework/web/CController.php(1145): CFilter->filter(Object(CFilterChain))
#9 /home/srv50213/htdocs/framework/web/filters/CInlineFilter.php(58): CController->filterAccessControl(Object(CFilterChain))
#10 /home/srv50213/htdocs/framework/web/filters/CFilterChain.php(130): CInlineFilter->filter(Object(CFilterChain))
#11 /home/srv50213/htdocs/framework/web/CController.php(291): CFilterChain->run()
#12 /home/srv50213/htdocs/framework/web/CController.php(265): CController->runActionWithFilters(Object(CInlineAction), Array)
#13 /home/srv50213/htdocs/framework/web/CWebApplication.php(282): CController->run('update')
#14 /home/srv50213/htdocs/framework/web/CWebApplication.php(141): CWebApplication->runController('user/update/id/...')
#15 /home/srv50213/htdocs/framework/base/CApplication.php(180): CWebApplication->processRequest()
#16 /home/srv50213/htdocs/app3/index.php(17): CApplication->run()
#17 {main}
REQUEST_URI=/app3/index.php?r=user/update/id/320
HTTP_REFERER=http://tarex.ru/app3/index.php?r=user/update/id/320
---
2014/11/06 16:53:10 [error] [exception.CException] exception 'CException' with message 'Не определено свойство "User.discountGroupId".' in /home/srv50213/htdocs/framework/base/CComponent.php:130
Stack trace:
#0 /home/srv50213/htdocs/framework/db/ar/CActiveRecord.php(145): CComponent->__get('discountGroupId')
#1 /home/srv50213/htdocs/framework/web/helpers/CHtml.php(2529): CActiveRecord->__get('discountGroupId')
#2 /home/srv50213/htdocs/framework/web/helpers/CHtml.php(1802): CHtml::resolveValue(Object(User), 'discountGroupId')
#3 /home/srv50213/htdocs/framework/zii/widgets/grid/CDataColumn.php(101): CHtml::activeDropDownList(Object(User), 'discountGroupId', Array, Array)
#4 /home/srv50213/htdocs/framework/zii/widgets/grid/CGridColumn.php(116): CDataColumn->renderFilterCellContent()
#5 /home/srv50213/htdocs/framework/zii/widgets/grid/CGridView.php(532): CGridColumn->renderFilterCell()
#6 /home/srv50213/htdocs/framework/zii/widgets/grid/CGridView.php(510): CGridView->renderFilter()
#7 /home/srv50213/htdocs/framework/zii/widgets/grid/CGridView.php(480): CGridView->renderTableHeader()
#8 /home/srv50213/htdocs/framework/zii/widgets/CBaseListView.php(167): CGridView->renderItems()
#9 [internal function]: CBaseListView->renderSection(Array)
#10 /home/srv50213/htdocs/framework/zii/widgets/CBaseListView.php(150): preg_replace_callback('/{(\\w+)}/', Array, '{summary}\n{item...')
#11 /home/srv50213/htdocs/framework/zii/widgets/CBaseListView.php(135): CBaseListView->renderContent()
#12 /home/srv50213/htdocs/framework/web/CBaseController.php(173): CBaseListView->run()
#13 /home/srv50213/htdocs/app3/protected/views/user/_discount_groups.php(68): CBaseController->widget('zii.widgets.gri...', Array)
#14 /home/srv50213/htdocs/framework/web/CBaseController.php(126): require('/home/srv50213/...')
#15 /home/srv50213/htdocs/framework/web/CBaseController.php(95): CBaseController->renderInternal('/home/srv50213/...', Array, true)
#16 /home/srv50213/htdocs/framework/web/CController.php(869): CBaseController->renderFile('/home/srv50213/...', Array, true)
#17 /home/srv50213/htdocs/framework/web/widgets/CTabView.php(217): CController->renderPartial('_discount_group...', Array)
#18 /home/srv50213/htdocs/framework/web/widgets/CTabView.php(149): CTabView->renderBody()
#19 /home/srv50213/htdocs/framework/web/CBaseController.php(173): CTabView->run()
#20 /home/srv50213/htdocs/app3/protected/views/user/update.php(44): CBaseController->widget('CTabView', Array)
#21 /home/srv50213/htdocs/framework/web/CBaseController.php(126): require('/home/srv50213/...')
#22 /home/srv50213/htdocs/framework/web/CBaseController.php(95): CBaseController->renderInternal('/home/srv50213/...', Array, true)
#23 /home/srv50213/htdocs/framework/web/CController.php(869): CBaseController->renderFile('/home/srv50213/...', Array, true)
#24 /home/srv50213/htdocs/framework/web/CController.php(782): CController->renderPartial('update', Array, true)
#25 /home/srv50213/htdocs/app3/protected/controllers/UserController.php(154): CController->render('update', Array)
#26 [internal function]: UserController->actionUpdate('320')
#27 /home/srv50213/htdocs/framework/web/actions/CAction.php(108): ReflectionMethod->invokeArgs(Object(UserController), Array)
#28 /home/srv50213/htdocs/framework/web/actions/CInlineAction.php(47): CAction->runWithParamsInternal(Object(UserController), Object(ReflectionMethod), Array)
#29 /home/srv50213/htdocs/framework/web/CController.php(308): CInlineAction->runWithParams(Array)
#30 /home/srv50213/htdocs/framework/web/filters/CFilterChain.php(133): CController->runAction(Object(CInlineAction))
#31 /home/srv50213/htdocs/framework/web/filters/CFilter.php(40): CFilterChain->run()
#32 /home/srv50213/htdocs/framework/web/CController.php(1145): CFilter->filter(Object(CFilterChain))
#33 /home/srv50213/htdocs/framework/web/filters/CInlineFilter.php(58): CController->filterAccessControl(Object(CFilterChain))
#34 /home/srv50213/htdocs/framework/web/filters/CFilterChain.php(130): CInlineFilter->filter(Object(CFilterChain))
#35 /home/srv50213/htdocs/framework/web/CController.php(291): CFilterChain->run()
#36 /home/srv50213/htdocs/framework/web/CController.php(265): CController->runActionWithFilters(Object(CInlineAction), Array)
#37 /home/srv50213/htdocs/framework/web/CWebApplication.php(282): CController->run('update')
#38 /home/srv50213/htdocs/framework/web/CWebApplication.php(141): CWebApplication->runController('user/update')
#39 /home/srv50213/htdocs/framework/base/CApplication.php(180): CWebApplication->processRequest()
#40 /home/srv50213/htdocs/app3/index.php(17): CApplication->run()
#41 {main}
REQUEST_URI=/app3/?r=user/update&id=320
HTTP_REFERER=http://tarex.ru/app3/?r=user/update&id=320
---
2014/11/06 18:44:03 [warning] [application] Не удалось присвоить небезопасный атрибут "articles" класса "DiscountGroup".
in /home/srv50213/htdocs/app3/protected/controllers/DiscountGroupController.php (119)
in /home/srv50213/htdocs/app3/index.php (17)
2014/11/06 18:55:15 [error] [exception.CHttpException.404] exception 'CHttpException' with message 'Невозможно обработать запрос "userDdiscountGroup/admin".' in /home/srv50213/htdocs/framework/web/CWebApplication.php:286
Stack trace:
#0 /home/srv50213/htdocs/framework/web/CWebApplication.php(141): CWebApplication->runController('userDdiscountGr...')
#1 /home/srv50213/htdocs/framework/base/CApplication.php(180): CWebApplication->processRequest()
#2 /home/srv50213/htdocs/app3/index.php(17): CApplication->run()
#3 {main}
REQUEST_URI=/app3/?r=userDdiscountGroup/admin
---
2014/11/06 18:55:19 [error] [exception.CHttpException.404] exception 'CHttpException' with message 'Невозможно обработать запрос "userDiscountGroup/admin".' in /home/srv50213/htdocs/framework/web/CWebApplication.php:286
Stack trace:
#0 /home/srv50213/htdocs/framework/web/CWebApplication.php(141): CWebApplication->runController('userDiscountGro...')
#1 /home/srv50213/htdocs/framework/base/CApplication.php(180): CWebApplication->processRequest()
#2 /home/srv50213/htdocs/app3/index.php(17): CApplication->run()
#3 {main}
REQUEST_URI=/app3/?r=userDiscountGroup/admin
---
2014/11/06 19:16:24 [error] [exception.CDbException] exception 'CDbException' with message 'Значение столбца "userId" не задано при запросе из таблицы "tarex_user_group_discount".' in /home/srv50213/htdocs/framework/db/schema/CDbCommandBuilder.php:813
Stack trace:
#0 /home/srv50213/htdocs/framework/db/schema/CDbCommandBuilder.php(621): CDbCommandBuilder->createInCondition(Object(CMysqlTableSchema), Array, Array, '`t`.')
#1 /home/srv50213/htdocs/framework/db/ar/CActiveRecord.php(1485): CDbCommandBuilder->createPkCriteria(Object(CMysqlTableSchema), '125', '', Array, '`t`.')
#2 /home/srv50213/htdocs/app3/protected/controllers/UserGroupDiscountController.php(114): CActiveRecord->findByPk('125')
#3 /home/srv50213/htdocs/app3/protected/controllers/UserGroupDiscountController.php(71): UserGroupDiscountController->loadModel('125')
#4 [internal function]: UserGroupDiscountController->actionUpdate('125')
#5 /home/srv50213/htdocs/framework/web/actions/CAction.php(108): ReflectionMethod->invokeArgs(Object(UserGroupDiscountController), Array)
#6 /home/srv50213/htdocs/framework/web/actions/CInlineAction.php(47): CAction->runWithParamsInternal(Object(UserGroupDiscountController), Object(ReflectionMethod), Array)
#7 /home/srv50213/htdocs/framework/web/CController.php(308): CInlineAction->runWithParams(Array)
#8 /home/srv50213/htdocs/framework/web/filters/CFilterChain.php(133): CController->runAction(Object(CInlineAction))
#9 /home/srv50213/htdocs/framework/web/filters/CFilter.php(40): CFilterChain->run()
#10 /home/srv50213/htdocs/framework/web/CController.php(1145): CFilter->filter(Object(CFilterChain))
#11 /home/srv50213/htdocs/framework/web/filters/CInlineFilter.php(58): CController->filterAccessControl(Object(CFilterChain))
#12 /home/srv50213/htdocs/framework/web/filters/CFilterChain.php(130): CInlineFilter->filter(Object(CFilterChain))
#13 /home/srv50213/htdocs/framework/web/CController.php(291): CFilterChain->run()
#14 /home/srv50213/htdocs/framework/web/CController.php(265): CController->runActionWithFilters(Object(CInlineAction), Array)
#15 /home/srv50213/htdocs/framework/web/CWebApplication.php(282): CController->run('update')
#16 /home/srv50213/htdocs/framework/web/CWebApplication.php(141): CWebApplication->runController('userGroupDiscou...')
#17 /home/srv50213/htdocs/framework/base/CApplication.php(180): CWebApplication->processRequest()
#18 /home/srv50213/htdocs/app3/index.php(17): CApplication->run()
#19 {main}
REQUEST_URI=/app3/?r=userGroupDiscount/update&id=125&target=_blank
HTTP_REFERER=http://tarex.ru/app3/?r=user/update&id=368
---
2014/11/06 19:19:23 [error] [system.db.CDbCommand] Не удалось выполнить CDbCommand::execute(): SQLSTATE[23000]: Integrity constraint violation: 1062 Duplicate entry '340-2' for key 'PRIMARY'. Выполнявшийся SQL-запрос: UPDATE `tarex_user_group_discount` SET `id`=:yp0, `userId`=:yp1, `discountGroupId`=:yp2, `value`=:yp3 WHERE `tarex_user_group_discount`.`userId`=368 AND `tarex_user_group_discount`.`discountGroupId`=2.
in /home/srv50213/htdocs/app3/protected/controllers/UserGroupDiscountController.php (76)
in /home/srv50213/htdocs/app3/index.php (17)
2014/11/06 19:19:23 [error] [exception.CDbException] exception 'CDbException' with message 'CDbCommand не удалось исполнить SQL-запрос: SQLSTATE[23000]: Integrity constraint violation: 1062 Duplicate entry '340-2' for key 'PRIMARY'. The SQL statement executed was: UPDATE `tarex_user_group_discount` SET `id`=:yp0, `userId`=:yp1, `discountGroupId`=:yp2, `value`=:yp3 WHERE `tarex_user_group_discount`.`userId`=368 AND `tarex_user_group_discount`.`discountGroupId`=2' in /home/srv50213/htdocs/framework/db/CDbCommand.php:358
Stack trace:
#0 /home/srv50213/htdocs/framework/db/ar/CActiveRecord.php(1748): CDbCommand->execute()
#1 /home/srv50213/htdocs/framework/db/ar/CActiveRecord.php(1124): CActiveRecord->updateByPk(Array, Array)
#2 /home/srv50213/htdocs/framework/db/ar/CActiveRecord.php(806): CActiveRecord->update(NULL)
#3 /home/srv50213/htdocs/app3/protected/controllers/UserGroupDiscountController.php(76): CActiveRecord->save()
#4 [internal function]: UserGroupDiscountController->actionUpdate('125')
#5 /home/srv50213/htdocs/framework/web/actions/CAction.php(108): ReflectionMethod->invokeArgs(Object(UserGroupDiscountController), Array)
#6 /home/srv50213/htdocs/framework/web/actions/CInlineAction.php(47): CAction->runWithParamsInternal(Object(UserGroupDiscountController), Object(ReflectionMethod), Array)
#7 /home/srv50213/htdocs/framework/web/CController.php(308): CInlineAction->runWithParams(Array)
#8 /home/srv50213/htdocs/framework/web/filters/CFilterChain.php(133): CController->runAction(Object(CInlineAction))
#9 /home/srv50213/htdocs/framework/web/filters/CFilter.php(40): CFilterChain->run()
#10 /home/srv50213/htdocs/framework/web/CController.php(1145): CFilter->filter(Object(CFilterChain))
#11 /home/srv50213/htdocs/framework/web/filters/CInlineFilter.php(58): CController->filterAccessControl(Object(CFilterChain))
#12 /home/srv50213/htdocs/framework/web/filters/CFilterChain.php(130): CInlineFilter->filter(Object(CFilterChain))
#13 /home/srv50213/htdocs/framework/web/CController.php(291): CFilterChain->run()
#14 /home/srv50213/htdocs/framework/web/CController.php(265): CController->runActionWithFilters(Object(CInlineAction), Array)
#15 /home/srv50213/htdocs/framework/web/CWebApplication.php(282): CController->run('update')
#16 /home/srv50213/htdocs/framework/web/CWebApplication.php(141): CWebApplication->runController('userGroupDiscou...')
#17 /home/srv50213/htdocs/framework/base/CApplication.php(180): CWebApplication->processRequest()
#18 /home/srv50213/htdocs/app3/index.php(17): CApplication->run()
#19 {main}
REQUEST_URI=/app3/?r=userGroupDiscount/update&id=125&target=_blank
HTTP_REFERER=http://tarex.ru/app3/?r=userGroupDiscount/update&id=125&target=_blank
---
2014/11/06 20:21:54 [error] [exception.CHttpException.404] exception 'CHttpException' with message 'The requested page does not exist.' in /home/srv50213/htdocs/app3/protected/controllers/UserGroupDiscountController.php:121
Stack trace:
#0 /home/srv50213/htdocs/app3/protected/controllers/UserGroupDiscountController.php(71): UserGroupDiscountController->loadModel('167')
#1 [internal function]: UserGroupDiscountController->actionUpdate('167')
#2 /home/srv50213/htdocs/framework/web/actions/CAction.php(108): ReflectionMethod->invokeArgs(Object(UserGroupDiscountController), Array)
#3 /home/srv50213/htdocs/framework/web/actions/CInlineAction.php(47): CAction->runWithParamsInternal(Object(UserGroupDiscountController), Object(ReflectionMethod), Array)
#4 /home/srv50213/htdocs/framework/web/CController.php(308): CInlineAction->runWithParams(Array)
#5 /home/srv50213/htdocs/framework/web/filters/CFilterChain.php(133): CController->runAction(Object(CInlineAction))
#6 /home/srv50213/htdocs/framework/web/filters/CFilter.php(40): CFilterChain->run()
#7 /home/srv50213/htdocs/framework/web/CController.php(1145): CFilter->filter(Object(CFilterChain))
#8 /home/srv50213/htdocs/framework/web/filters/CInlineFilter.php(58): CController->filterAccessControl(Object(CFilterChain))
#9 /home/srv50213/htdocs/framework/web/filters/CFilterChain.php(130): CInlineFilter->filter(Object(CFilterChain))
#10 /home/srv50213/htdocs/framework/web/CController.php(291): CFilterChain->run()
#11 /home/srv50213/htdocs/framework/web/CController.php(265): CController->runActionWithFilters(Object(CInlineAction), Array)
#12 /home/srv50213/htdocs/framework/web/CWebApplication.php(282): CController->run('update')
#13 /home/srv50213/htdocs/framework/web/CWebApplication.php(141): CWebApplication->runController('userGroupDiscou...')
#14 /home/srv50213/htdocs/framework/base/CApplication.php(180): CWebApplication->processRequest()
#15 /home/srv50213/htdocs/app3/index.php(17): CApplication->run()
#16 {main}
REQUEST_URI=/app3/?r=userGroupDiscount/update&id=167&target=_blank
HTTP_REFERER=http://tarex.ru/app3/?r=user/update&id=340
---
2014/11/06 20:22:00 [error] [exception.CHttpException.404] exception 'CHttpException' with message 'The requested page does not exist.' in /home/srv50213/htdocs/app3/protected/controllers/UserGroupDiscountController.php:121
Stack trace:
#0 /home/srv50213/htdocs/app3/protected/controllers/UserGroupDiscountController.php(71): UserGroupDiscountController->loadModel('167')
#1 [internal function]: UserGroupDiscountController->actionUpdate('167')
#2 /home/srv50213/htdocs/framework/web/actions/CAction.php(108): ReflectionMethod->invokeArgs(Object(UserGroupDiscountController), Array)
#3 /home/srv50213/htdocs/framework/web/actions/CInlineAction.php(47): CAction->runWithParamsInternal(Object(UserGroupDiscountController), Object(ReflectionMethod), Array)
#4 /home/srv50213/htdocs/framework/web/CController.php(308): CInlineAction->runWithParams(Array)
#5 /home/srv50213/htdocs/framework/web/filters/CFilterChain.php(133): CController->runAction(Object(CInlineAction))
#6 /home/srv50213/htdocs/framework/web/filters/CFilter.php(40): CFilterChain->run()
#7 /home/srv50213/htdocs/framework/web/CController.php(1145): CFilter->filter(Object(CFilterChain))
#8 /home/srv50213/htdocs/framework/web/filters/CInlineFilter.php(58): CController->filterAccessControl(Object(CFilterChain))
#9 /home/srv50213/htdocs/framework/web/filters/CFilterChain.php(130): CInlineFilter->filter(Object(CFilterChain))
#10 /home/srv50213/htdocs/framework/web/CController.php(291): CFilterChain->run()
#11 /home/srv50213/htdocs/framework/web/CController.php(265): CController->runActionWithFilters(Object(CInlineAction), Array)
#12 /home/srv50213/htdocs/framework/web/CWebApplication.php(282): CController->run('update')
#13 /home/srv50213/htdocs/framework/web/CWebApplication.php(141): CWebApplication->runController('userGroupDiscou...')
#14 /home/srv50213/htdocs/framework/base/CApplication.php(180): CWebApplication->processRequest()
#15 /home/srv50213/htdocs/app3/index.php(17): CApplication->run()
#16 {main}
REQUEST_URI=/app3/?r=userGroupDiscount/update&id=167&target=_blank
HTTP_REFERER=http://tarex.ru/app3/?r=user/update&id=340
---
2014/11/06 20:22:01 [error] [exception.CHttpException.404] exception 'CHttpException' with message 'The requested page does not exist.' in /home/srv50213/htdocs/app3/protected/controllers/UserGroupDiscountController.php:121
Stack trace:
#0 /home/srv50213/htdocs/app3/protected/controllers/UserGroupDiscountController.php(71): UserGroupDiscountController->loadModel('167')
#1 [internal function]: UserGroupDiscountController->actionUpdate('167')
#2 /home/srv50213/htdocs/framework/web/actions/CAction.php(108): ReflectionMethod->invokeArgs(Object(UserGroupDiscountController), Array)
#3 /home/srv50213/htdocs/framework/web/actions/CInlineAction.php(47): CAction->runWithParamsInternal(Object(UserGroupDiscountController), Object(ReflectionMethod), Array)
#4 /home/srv50213/htdocs/framework/web/CController.php(308): CInlineAction->runWithParams(Array)
#5 /home/srv50213/htdocs/framework/web/filters/CFilterChain.php(133): CController->runAction(Object(CInlineAction))
#6 /home/srv50213/htdocs/framework/web/filters/CFilter.php(40): CFilterChain->run()
#7 /home/srv50213/htdocs/framework/web/CController.php(1145): CFilter->filter(Object(CFilterChain))
#8 /home/srv50213/htdocs/framework/web/filters/CInlineFilter.php(58): CController->filterAccessControl(Object(CFilterChain))
#9 /home/srv50213/htdocs/framework/web/filters/CFilterChain.php(130): CInlineFilter->filter(Object(CFilterChain))
#10 /home/srv50213/htdocs/framework/web/CController.php(291): CFilterChain->run()
#11 /home/srv50213/htdocs/framework/web/CController.php(265): CController->runActionWithFilters(Object(CInlineAction), Array)
#12 /home/srv50213/htdocs/framework/web/CWebApplication.php(282): CController->run('update')
#13 /home/srv50213/htdocs/framework/web/CWebApplication.php(141): CWebApplication->runController('userGroupDiscou...')
#14 /home/srv50213/htdocs/framework/base/CApplication.php(180): CWebApplication->processRequest()
#15 /home/srv50213/htdocs/app3/index.php(17): CApplication->run()
#16 {main}
REQUEST_URI=/app3/?r=userGroupDiscount/update&id=167&target=_blank
HTTP_REFERER=http://tarex.ru/app3/?r=user/update&id=340
---
2014/11/06 20:22:22 [error] [exception.CHttpException.404] exception 'CHttpException' with message 'The requested page does not exist.' in /home/srv50213/htdocs/app3/protected/controllers/UserGroupDiscountController.php:121
Stack trace:
#0 /home/srv50213/htdocs/app3/protected/controllers/UserGroupDiscountController.php(71): UserGroupDiscountController->loadModel('167')
#1 [internal function]: UserGroupDiscountController->actionUpdate('167')
#2 /home/srv50213/htdocs/framework/web/actions/CAction.php(108): ReflectionMethod->invokeArgs(Object(UserGroupDiscountController), Array)
#3 /home/srv50213/htdocs/framework/web/actions/CInlineAction.php(47): CAction->runWithParamsInternal(Object(UserGroupDiscountController), Object(ReflectionMethod), Array)
#4 /home/srv50213/htdocs/framework/web/CController.php(308): CInlineAction->runWithParams(Array)
#5 /home/srv50213/htdocs/framework/web/filters/CFilterChain.php(133): CController->runAction(Object(CInlineAction))
#6 /home/srv50213/htdocs/framework/web/filters/CFilter.php(40): CFilterChain->run()
#7 /home/srv50213/htdocs/framework/web/CController.php(1145): CFilter->filter(Object(CFilterChain))
#8 /home/srv50213/htdocs/framework/web/filters/CInlineFilter.php(58): CController->filterAccessControl(Object(CFilterChain))
#9 /home/srv50213/htdocs/framework/web/filters/CFilterChain.php(130): CInlineFilter->filter(Object(CFilterChain))
#10 /home/srv50213/htdocs/framework/web/CController.php(291): CFilterChain->run()
#11 /home/srv50213/htdocs/framework/web/CController.php(265): CController->runActionWithFilters(Object(CInlineAction), Array)
#12 /home/srv50213/htdocs/framework/web/CWebApplication.php(282): CController->run('update')
#13 /home/srv50213/htdocs/framework/web/CWebApplication.php(141): CWebApplication->runController('userGroupDiscou...')
#14 /home/srv50213/htdocs/framework/base/CApplication.php(180): CWebApplication->processRequest()
#15 /home/srv50213/htdocs/app3/index.php(17): CApplication->run()
#16 {main}
REQUEST_URI=/app3/?r=userGroupDiscount/update&id=167&target=_blank
HTTP_REFERER=http://tarex.ru/app3/?r=user/update&id=340
---
2014/11/06 20:22:33 [error] [exception.CHttpException.404] exception 'CHttpException' with message 'The requested page does not exist.' in /home/srv50213/htdocs/app3/protected/controllers/UserGroupDiscountController.php:121
Stack trace:
#0 /home/srv50213/htdocs/app3/protected/controllers/UserGroupDiscountController.php(71): UserGroupDiscountController->loadModel('167')
#1 [internal function]: UserGroupDiscountController->actionUpdate('167')
#2 /home/srv50213/htdocs/framework/web/actions/CAction.php(108): ReflectionMethod->invokeArgs(Object(UserGroupDiscountController), Array)
#3 /home/srv50213/htdocs/framework/web/actions/CInlineAction.php(47): CAction->runWithParamsInternal(Object(UserGroupDiscountController), Object(ReflectionMethod), Array)
#4 /home/srv50213/htdocs/framework/web/CController.php(308): CInlineAction->runWithParams(Array)
#5 /home/srv50213/htdocs/framework/web/filters/CFilterChain.php(133): CController->runAction(Object(CInlineAction))
#6 /home/srv50213/htdocs/framework/web/filters/CFilter.php(40): CFilterChain->run()
#7 /home/srv50213/htdocs/framework/web/CController.php(1145): CFilter->filter(Object(CFilterChain))
#8 /home/srv50213/htdocs/framework/web/filters/CInlineFilter.php(58): CController->filterAccessControl(Object(CFilterChain))
#9 /home/srv50213/htdocs/framework/web/filters/CFilterChain.php(130): CInlineFilter->filter(Object(CFilterChain))
#10 /home/srv50213/htdocs/framework/web/CController.php(291): CFilterChain->run()
#11 /home/srv50213/htdocs/framework/web/CController.php(265): CController->runActionWithFilters(Object(CInlineAction), Array)
#12 /home/srv50213/htdocs/framework/web/CWebApplication.php(282): CController->run('update')
#13 /home/srv50213/htdocs/framework/web/CWebApplication.php(141): CWebApplication->runController('userGroupDiscou...')
#14 /home/srv50213/htdocs/framework/base/CApplication.php(180): CWebApplication->processRequest()
#15 /home/srv50213/htdocs/app3/index.php(17): CApplication->run()
#16 {main}
REQUEST_URI=/app3/?r=userGroupDiscount/update&id=167&target=_blank
HTTP_REFERER=http://tarex.ru/app3/?r=user/update&id=340
---
2014/11/06 20:22:35 [error] [exception.CHttpException.404] exception 'CHttpException' with message 'The requested page does not exist.' in /home/srv50213/htdocs/app3/protected/controllers/UserGroupDiscountController.php:121
Stack trace:
#0 /home/srv50213/htdocs/app3/protected/controllers/UserGroupDiscountController.php(71): UserGroupDiscountController->loadModel('167')
#1 [internal function]: UserGroupDiscountController->actionUpdate('167')
#2 /home/srv50213/htdocs/framework/web/actions/CAction.php(108): ReflectionMethod->invokeArgs(Object(UserGroupDiscountController), Array)
#3 /home/srv50213/htdocs/framework/web/actions/CInlineAction.php(47): CAction->runWithParamsInternal(Object(UserGroupDiscountController), Object(ReflectionMethod), Array)
#4 /home/srv50213/htdocs/framework/web/CController.php(308): CInlineAction->runWithParams(Array)
#5 /home/srv50213/htdocs/framework/web/filters/CFilterChain.php(133): CController->runAction(Object(CInlineAction))
#6 /home/srv50213/htdocs/framework/web/filters/CFilter.php(40): CFilterChain->run()
#7 /home/srv50213/htdocs/framework/web/CController.php(1145): CFilter->filter(Object(CFilterChain))
#8 /home/srv50213/htdocs/framework/web/filters/CInlineFilter.php(58): CController->filterAccessControl(Object(CFilterChain))
#9 /home/srv50213/htdocs/framework/web/filters/CFilterChain.php(130): CInlineFilter->filter(Object(CFilterChain))
#10 /home/srv50213/htdocs/framework/web/CController.php(291): CFilterChain->run()
#11 /home/srv50213/htdocs/framework/web/CController.php(265): CController->runActionWithFilters(Object(CInlineAction), Array)
#12 /home/srv50213/htdocs/framework/web/CWebApplication.php(282): CController->run('update')
#13 /home/srv50213/htdocs/framework/web/CWebApplication.php(141): CWebApplication->runController('userGroupDiscou...')
#14 /home/srv50213/htdocs/framework/base/CApplication.php(180): CWebApplication->processRequest()
#15 /home/srv50213/htdocs/app3/index.php(17): CApplication->run()
#16 {main}
REQUEST_URI=/app3/?r=userGroupDiscount/update&id=167&target=_blank
HTTP_REFERER=http://tarex.ru/app3/?r=user/update&id=340
---
2014/11/06 20:22:44 [error] [exception.CHttpException.404] exception 'CHttpException' with message 'The requested page does not exist.' in /home/srv50213/htdocs/app3/protected/controllers/UserGroupDiscountController.php:121
Stack trace:
#0 /home/srv50213/htdocs/app3/protected/controllers/UserGroupDiscountController.php(71): UserGroupDiscountController->loadModel('170')
#1 [internal function]: UserGroupDiscountController->actionUpdate('170')
#2 /home/srv50213/htdocs/framework/web/actions/CAction.php(108): ReflectionMethod->invokeArgs(Object(UserGroupDiscountController), Array)
#3 /home/srv50213/htdocs/framework/web/actions/CInlineAction.php(47): CAction->runWithParamsInternal(Object(UserGroupDiscountController), Object(ReflectionMethod), Array)
#4 /home/srv50213/htdocs/framework/web/CController.php(308): CInlineAction->runWithParams(Array)
#5 /home/srv50213/htdocs/framework/web/filters/CFilterChain.php(133): CController->runAction(Object(CInlineAction))
#6 /home/srv50213/htdocs/framework/web/filters/CFilter.php(40): CFilterChain->run()
#7 /home/srv50213/htdocs/framework/web/CController.php(1145): CFilter->filter(Object(CFilterChain))
#8 /home/srv50213/htdocs/framework/web/filters/CInlineFilter.php(58): CController->filterAccessControl(Object(CFilterChain))
#9 /home/srv50213/htdocs/framework/web/filters/CFilterChain.php(130): CInlineFilter->filter(Object(CFilterChain))
#10 /home/srv50213/htdocs/framework/web/CController.php(291): CFilterChain->run()
#11 /home/srv50213/htdocs/framework/web/CController.php(265): CController->runActionWithFilters(Object(CInlineAction), Array)
#12 /home/srv50213/htdocs/framework/web/CWebApplication.php(282): CController->run('update')
#13 /home/srv50213/htdocs/framework/web/CWebApplication.php(141): CWebApplication->runController('userGroupDiscou...')
#14 /home/srv50213/htdocs/framework/base/CApplication.php(180): CWebApplication->processRequest()
#15 /home/srv50213/htdocs/app3/index.php(17): CApplication->run()
#16 {main}
REQUEST_URI=/app3/?r=userGroupDiscount/update&id=170&target=_blank
HTTP_REFERER=http://tarex.ru/app3/?r=user/update&id=340
---
2014/11/06 20:23:32 [error] [exception.CHttpException.404] exception 'CHttpException' with message 'The requested page does not exist.' in /home/srv50213/htdocs/app3/protected/controllers/UserGroupDiscountController.php:121
Stack trace:
#0 /home/srv50213/htdocs/app3/protected/controllers/UserGroupDiscountController.php(71): UserGroupDiscountController->loadModel('170')
#1 [internal function]: UserGroupDiscountController->actionUpdate('170')
#2 /home/srv50213/htdocs/framework/web/actions/CAction.php(108): ReflectionMethod->invokeArgs(Object(UserGroupDiscountController), Array)
#3 /home/srv50213/htdocs/framework/web/actions/CInlineAction.php(47): CAction->runWithParamsInternal(Object(UserGroupDiscountController), Object(ReflectionMethod), Array)
#4 /home/srv50213/htdocs/framework/web/CController.php(308): CInlineAction->runWithParams(Array)
#5 /home/srv50213/htdocs/framework/web/filters/CFilterChain.php(133): CController->runAction(Object(CInlineAction))
#6 /home/srv50213/htdocs/framework/web/filters/CFilter.php(40): CFilterChain->run()
#7 /home/srv50213/htdocs/framework/web/CController.php(1145): CFilter->filter(Object(CFilterChain))
#8 /home/srv50213/htdocs/framework/web/filters/CInlineFilter.php(58): CController->filterAccessControl(Object(CFilterChain))
#9 /home/srv50213/htdocs/framework/web/filters/CFilterChain.php(130): CInlineFilter->filter(Object(CFilterChain))
#10 /home/srv50213/htdocs/framework/web/CController.php(291): CFilterChain->run()
#11 /home/srv50213/htdocs/framework/web/CController.php(265): CController->runActionWithFilters(Object(CInlineAction), Array)
#12 /home/srv50213/htdocs/framework/web/CWebApplication.php(282): CController->run('update')
#13 /home/srv50213/htdocs/framework/web/CWebApplication.php(141): CWebApplication->runController('userGroupDiscou...')
#14 /home/srv50213/htdocs/framework/base/CApplication.php(180): CWebApplication->processRequest()
#15 /home/srv50213/htdocs/app3/index.php(17): CApplication->run()
#16 {main}
REQUEST_URI=/app3/?r=userGroupDiscount/update&id=170&target=_blank
HTTP_REFERER=http://tarex.ru/app3/?r=user/update&id=340
---
2014/11/07 06:26:06 [error] [exception.CHttpException.404] exception 'CHttpException' with message 'The requested page does not exist.' in /home/srv50213/htdocs/app3/protected/controllers/UserGroupDiscountController.php:121
Stack trace:
#0 /home/srv50213/htdocs/app3/protected/controllers/UserGroupDiscountController.php(71): UserGroupDiscountController->loadModel('124')
#1 [internal function]: UserGroupDiscountController->actionUpdate('124')
#2 /home/srv50213/htdocs/framework/web/actions/CAction.php(108): ReflectionMethod->invokeArgs(Object(UserGroupDiscountController), Array)
#3 /home/srv50213/htdocs/framework/web/actions/CInlineAction.php(47): CAction->runWithParamsInternal(Object(UserGroupDiscountController), Object(ReflectionMethod), Array)
#4 /home/srv50213/htdocs/framework/web/CController.php(308): CInlineAction->runWithParams(Array)
#5 /home/srv50213/htdocs/framework/web/filters/CFilterChain.php(133): CController->runAction(Object(CInlineAction))
#6 /home/srv50213/htdocs/framework/web/filters/CFilter.php(40): CFilterChain->run()
#7 /home/srv50213/htdocs/framework/web/CController.php(1145): CFilter->filter(Object(CFilterChain))
#8 /home/srv50213/htdocs/framework/web/filters/CInlineFilter.php(58): CController->filterAccessControl(Object(CFilterChain))
#9 /home/srv50213/htdocs/framework/web/filters/CFilterChain.php(130): CInlineFilter->filter(Object(CFilterChain))
#10 /home/srv50213/htdocs/framework/web/CController.php(291): CFilterChain->run()
#11 /home/srv50213/htdocs/framework/web/CController.php(265): CController->runActionWithFilters(Object(CInlineAction), Array)
#12 /home/srv50213/htdocs/framework/web/CWebApplication.php(282): CController->run('update')
#13 /home/srv50213/htdocs/framework/web/CWebApplication.php(141): CWebApplication->runController('userGroupDiscou...')
#14 /home/srv50213/htdocs/framework/base/CApplication.php(180): CWebApplication->processRequest()
#15 /home/srv50213/htdocs/app3/index.php(17): CApplication->run()
#16 {main}
REQUEST_URI=/app3/?r=userGroupDiscount/update&id=124&target=_blank
HTTP_REFERER=http://tarex.ru/app3/index.php?r=user/update/id/368
---
2014/11/07 06:26:22 [error] [exception.CHttpException.404] exception 'CHttpException' with message 'The requested page does not exist.' in /home/srv50213/htdocs/app3/protected/controllers/UserGroupDiscountController.php:121
Stack trace:
#0 /home/srv50213/htdocs/app3/protected/controllers/UserGroupDiscountController.php(71): UserGroupDiscountController->loadModel('124')
#1 [internal function]: UserGroupDiscountController->actionUpdate('124')
#2 /home/srv50213/htdocs/framework/web/actions/CAction.php(108): ReflectionMethod->invokeArgs(Object(UserGroupDiscountController), Array)
#3 /home/srv50213/htdocs/framework/web/actions/CInlineAction.php(47): CAction->runWithParamsInternal(Object(UserGroupDiscountController), Object(ReflectionMethod), Array)
#4 /home/srv50213/htdocs/framework/web/CController.php(308): CInlineAction->runWithParams(Array)
#5 /home/srv50213/htdocs/framework/web/filters/CFilterChain.php(133): CController->runAction(Object(CInlineAction))
#6 /home/srv50213/htdocs/framework/web/filters/CFilter.php(40): CFilterChain->run()
#7 /home/srv50213/htdocs/framework/web/CController.php(1145): CFilter->filter(Object(CFilterChain))
#8 /home/srv50213/htdocs/framework/web/filters/CInlineFilter.php(58): CController->filterAccessControl(Object(CFilterChain))
#9 /home/srv50213/htdocs/framework/web/filters/CFilterChain.php(130): CInlineFilter->filter(Object(CFilterChain))
#10 /home/srv50213/htdocs/framework/web/CController.php(291): CFilterChain->run()
#11 /home/srv50213/htdocs/framework/web/CController.php(265): CController->runActionWithFilters(Object(CInlineAction), Array)
#12 /home/srv50213/htdocs/framework/web/CWebApplication.php(282): CController->run('update')
#13 /home/srv50213/htdocs/framework/web/CWebApplication.php(141): CWebApplication->runController('userGroupDiscou...')
#14 /home/srv50213/htdocs/framework/base/CApplication.php(180): CWebApplication->processRequest()
#15 /home/srv50213/htdocs/app3/index.php(17): CApplication->run()
#16 {main}
REQUEST_URI=/app3/?r=userGroupDiscount/update&id=124&target=_blank
HTTP_REFERER=http://tarex.ru/app3/index.php?r=user/update/id/368
---
2014/11/07 06:26:31 [error] [exception.CHttpException.400] exception 'CHttpException' with message 'Некорректный запрос.' in /home/srv50213/htdocs/framework/web/CController.php:336
Stack trace:
#0 /home/srv50213/htdocs/framework/web/CController.php(309): CController->invalidActionParams(Object(CInlineAction))
#1 /home/srv50213/htdocs/framework/web/filters/CFilterChain.php(133): CController->runAction(Object(CInlineAction))
#2 /home/srv50213/htdocs/framework/web/filters/CFilter.php(40): CFilterChain->run()
#3 /home/srv50213/htdocs/framework/web/CController.php(1145): CFilter->filter(Object(CFilterChain))
#4 /home/srv50213/htdocs/framework/web/filters/CInlineFilter.php(58): CController->filterAccessControl(Object(CFilterChain))
#5 /home/srv50213/htdocs/framework/web/filters/CFilterChain.php(130): CInlineFilter->filter(Object(CFilterChain))
#6 /home/srv50213/htdocs/framework/web/CController.php(291): CFilterChain->run()
#7 /home/srv50213/htdocs/framework/web/CController.php(265): CController->runActionWithFilters(Object(CInlineAction), Array)
#8 /home/srv50213/htdocs/framework/web/CWebApplication.php(282): CController->run('update')
#9 /home/srv50213/htdocs/framework/web/CWebApplication.php(141): CWebApplication->runController('userGroupDiscou...')
#10 /home/srv50213/htdocs/framework/base/CApplication.php(180): CWebApplication->processRequest()
#11 /home/srv50213/htdocs/app3/index.php(17): CApplication->run()
#12 {main}
REQUEST_URI=/app3/?r=userGroupDiscount/update&id%5BuserId%5D=340&id%5BdiscountGroupId%5D=29
HTTP_REFERER=http://tarex.ru/app3/?r=userGroupDiscount/admin
---
2014/11/07 06:26:37 [error] [exception.CHttpException.400] exception 'CHttpException' with message 'Некорректный запрос.' in /home/srv50213/htdocs/framework/web/CController.php:336
Stack trace:
#0 /home/srv50213/htdocs/framework/web/CController.php(309): CController->invalidActionParams(Object(CInlineAction))
#1 /home/srv50213/htdocs/framework/web/filters/CFilterChain.php(133): CController->runAction(Object(CInlineAction))
#2 /home/srv50213/htdocs/framework/web/filters/CFilter.php(40): CFilterChain->run()
#3 /home/srv50213/htdocs/framework/web/CController.php(1145): CFilter->filter(Object(CFilterChain))
#4 /home/srv50213/htdocs/framework/web/filters/CInlineFilter.php(58): CController->filterAccessControl(Object(CFilterChain))
#5 /home/srv50213/htdocs/framework/web/filters/CFilterChain.php(130): CInlineFilter->filter(Object(CFilterChain))
#6 /home/srv50213/htdocs/framework/web/CController.php(291): CFilterChain->run()
#7 /home/srv50213/htdocs/framework/web/CController.php(265): CController->runActionWithFilters(Object(CInlineAction), Array)
#8 /home/srv50213/htdocs/framework/web/CWebApplication.php(282): CController->run('view')
#9 /home/srv50213/htdocs/framework/web/CWebApplication.php(141): CWebApplication->runController('userGroupDiscou...')
#10 /home/srv50213/htdocs/framework/base/CApplication.php(180): CWebApplication->processRequest()
#11 /home/srv50213/htdocs/app3/index.php(17): CApplication->run()
#12 {main}
REQUEST_URI=/app3/?r=userGroupDiscount/view&id%5BuserId%5D=340&id%5BdiscountGroupId%5D=29
HTTP_REFERER=http://tarex.ru/app3/?r=userGroupDiscount/admin
---
2014/11/07 06:27:18 [error] [exception.CHttpException.400] exception 'CHttpException' with message 'Некорректный запрос.' in /home/srv50213/htdocs/framework/web/CController.php:336
Stack trace:
#0 /home/srv50213/htdocs/framework/web/CController.php(309): CController->invalidActionParams(Object(CInlineAction))
#1 /home/srv50213/htdocs/framework/web/filters/CFilterChain.php(133): CController->runAction(Object(CInlineAction))
#2 /home/srv50213/htdocs/framework/web/filters/CFilter.php(40): CFilterChain->run()
#3 /home/srv50213/htdocs/framework/web/CController.php(1145): CFilter->filter(Object(CFilterChain))
#4 /home/srv50213/htdocs/framework/web/filters/CInlineFilter.php(58): CController->filterAccessControl(Object(CFilterChain))
#5 /home/srv50213/htdocs/framework/web/filters/CFilterChain.php(130): CInlineFilter->filter(Object(CFilterChain))
#6 /home/srv50213/htdocs/framework/web/CController.php(291): CFilterChain->run()
#7 /home/srv50213/htdocs/framework/web/CController.php(265): CController->runActionWithFilters(Object(CInlineAction), Array)
#8 /home/srv50213/htdocs/framework/web/CWebApplication.php(282): CController->run('update')
#9 /home/srv50213/htdocs/framework/web/CWebApplication.php(141): CWebApplication->runController('userGroupDiscou...')
#10 /home/srv50213/htdocs/framework/base/CApplication.php(180): CWebApplication->processRequest()
#11 /home/srv50213/htdocs/app3/index.php(17): CApplication->run()
#12 {main}
REQUEST_URI=/app3/?r=userGroupDiscount/update&id%5BuserId%5D=340&id%5BdiscountGroupId%5D=29
HTTP_REFERER=http://tarex.ru/app3/?r=userGroupDiscount/admin
---
2014/11/07 06:27:21 [error] [exception.CHttpException.400] exception 'CHttpException' with message 'Некорректный запрос.' in /home/srv50213/htdocs/framework/web/CController.php:336
Stack trace:
#0 /home/srv50213/htdocs/framework/web/CController.php(309): CController->invalidActionParams(Object(CInlineAction))
#1 /home/srv50213/htdocs/framework/web/filters/CFilterChain.php(133): CController->runAction(Object(CInlineAction))
#2 /home/srv50213/htdocs/framework/web/filters/CFilter.php(40): CFilterChain->run()
#3 /home/srv50213/htdocs/framework/web/CController.php(1145): CFilter->filter(Object(CFilterChain))
#4 /home/srv50213/htdocs/framework/web/filters/CInlineFilter.php(58): CController->filterAccessControl(Object(CFilterChain))
#5 /home/srv50213/htdocs/framework/web/filters/CFilterChain.php(130): CInlineFilter->filter(Object(CFilterChain))
#6 /home/srv50213/htdocs/framework/web/CController.php(291): CFilterChain->run()
#7 /home/srv50213/htdocs/framework/web/CController.php(265): CController->runActionWithFilters(Object(CInlineAction), Array)
#8 /home/srv50213/htdocs/framework/web/CWebApplication.php(282): CController->run('update')
#9 /home/srv50213/htdocs/framework/web/CWebApplication.php(141): CWebApplication->runController('userGroupDiscou...')
#10 /home/srv50213/htdocs/framework/base/CApplication.php(180): CWebApplication->processRequest()
#11 /home/srv50213/htdocs/app3/index.php(17): CApplication->run()
#12 {main}
REQUEST_URI=/app3/?r=userGroupDiscount/update&id%5BuserId%5D=340&id%5BdiscountGroupId%5D=29
HTTP_REFERER=http://tarex.ru/app3/?r=userGroupDiscount/admin
---
2014/11/07 06:29:13 [error] [exception.CHttpException.400] exception 'CHttpException' with message 'Некорректный запрос.' in /home/srv50213/htdocs/framework/web/CController.php:336
Stack trace:
#0 /home/srv50213/htdocs/framework/web/CController.php(309): CController->invalidActionParams(Object(CInlineAction))
#1 /home/srv50213/htdocs/framework/web/filters/CFilterChain.php(133): CController->runAction(Object(CInlineAction))
#2 /home/srv50213/htdocs/framework/web/filters/CFilter.php(40): CFilterChain->run()
#3 /home/srv50213/htdocs/framework/web/CController.php(1145): CFilter->filter(Object(CFilterChain))
#4 /home/srv50213/htdocs/framework/web/filters/CInlineFilter.php(58): CController->filterAccessControl(Object(CFilterChain))
#5 /home/srv50213/htdocs/framework/web/filters/CFilterChain.php(130): CInlineFilter->filter(Object(CFilterChain))
#6 /home/srv50213/htdocs/framework/web/CController.php(291): CFilterChain->run()
#7 /home/srv50213/htdocs/framework/web/CController.php(265): CController->runActionWithFilters(Object(CInlineAction), Array)
#8 /home/srv50213/htdocs/framework/web/CWebApplication.php(282): CController->run('update')
#9 /home/srv50213/htdocs/framework/web/CWebApplication.php(141): CWebApplication->runController('userGroupDiscou...')
#10 /home/srv50213/htdocs/framework/base/CApplication.php(180): CWebApplication->processRequest()
#11 /home/srv50213/htdocs/app3/index.php(17): CApplication->run()
#12 {main}
REQUEST_URI=/app3/?r=userGroupDiscount/update&id%5BuserId%5D=340&id%5BdiscountGroupId%5D=29
HTTP_REFERER=http://tarex.ru/app3/?r=userGroupDiscount/admin
---
2014/11/07 06:29:37 [error] [system.db.CDbCommand] Не удалось выполнить CDbCommand::execute(): SQLSTATE[23000]: Integrity constraint violation: 1062 Duplicate entry '310-6' for key 'PRIMARY'. Выполнявшийся SQL-запрос: INSERT INTO `tarex_user_group_discount` (`userId`, `discountGroupId`, `value`) VALUES (:yp0, :yp1, :yp2).
in /home/srv50213/htdocs/app3/protected/controllers/UserGroupDiscountController.php (60)
in /home/srv50213/htdocs/app3/index.php (17)
2014/11/07 06:29:37 [error] [exception.CDbException] exception 'CDbException' with message 'CDbCommand не удалось исполнить SQL-запрос: SQLSTATE[23000]: Integrity constraint violation: 1062 Duplicate entry '310-6' for key 'PRIMARY'. The SQL statement executed was: INSERT INTO `tarex_user_group_discount` (`userId`, `discountGroupId`, `value`) VALUES (:yp0, :yp1, :yp2)' in /home/srv50213/htdocs/framework/db/CDbCommand.php:358
Stack trace:
#0 /home/srv50213/htdocs/framework/db/ar/CActiveRecord.php(1077): CDbCommand->execute()
#1 /home/srv50213/htdocs/framework/db/ar/CActiveRecord.php(806): CActiveRecord->insert(NULL)
#2 /home/srv50213/htdocs/app3/protected/controllers/UserGroupDiscountController.php(60): CActiveRecord->save()
#3 /home/srv50213/htdocs/framework/web/actions/CInlineAction.php(49): UserGroupDiscountController->actionCreate()
#4 /home/srv50213/htdocs/framework/web/CController.php(308): CInlineAction->runWithParams(Array)
#5 /home/srv50213/htdocs/framework/web/filters/CFilterChain.php(133): CController->runAction(Object(CInlineAction))
#6 /home/srv50213/htdocs/framework/web/filters/CFilter.php(40): CFilterChain->run()
#7 /home/srv50213/htdocs/framework/web/CController.php(1145): CFilter->filter(Object(CFilterChain))
#8 /home/srv50213/htdocs/framework/web/filters/CInlineFilter.php(58): CController->filterAccessControl(Object(CFilterChain))
#9 /home/srv50213/htdocs/framework/web/filters/CFilterChain.php(130): CInlineFilter->filter(Object(CFilterChain))
#10 /home/srv50213/htdocs/framework/web/CController.php(291): CFilterChain->run()
#11 /home/srv50213/htdocs/framework/web/CController.php(265): CController->runActionWithFilters(Object(CInlineAction), Array)
#12 /home/srv50213/htdocs/framework/web/CWebApplication.php(282): CController->run('create')
#13 /home/srv50213/htdocs/framework/web/CWebApplication.php(141): CWebApplication->runController('userGroupDiscou...')
#14 /home/srv50213/htdocs/framework/base/CApplication.php(180): CWebApplication->processRequest()
#15 /home/srv50213/htdocs/app3/index.php(17): CApplication->run()
#16 {main}
REQUEST_URI=/app3/?r=userGroupDiscount/create
HTTP_REFERER=http://tarex.ru/app3/?r=userGroupDiscount/create
---
2014/11/07 06:31:49 [error] [exception.CException] exception 'CException' with message 'Не определено свойство "CDbCriteria.0".' in /home/srv50213/htdocs/framework/base/CComponent.php:173
Stack trace:
#0 /home/srv50213/htdocs/framework/db/schema/CDbCriteria.php(160): CComponent->__set('0', 'role=6')
#1 /home/srv50213/htdocs/framework/db/schema/CDbCommandBuilder.php(585): CDbCriteria->__construct(Array)
#2 /home/srv50213/htdocs/framework/db/ar/CActiveRecord.php(1469): CDbCommandBuilder->createCriteria(Array, Array)
#3 /home/srv50213/htdocs/app3/protected/views/userGroupDiscount/_form.php(19): CActiveRecord->findAll(Array)
#4 /home/srv50213/htdocs/framework/web/CBaseController.php(126): require('/home/srv50213/...')
#5 /home/srv50213/htdocs/framework/web/CBaseController.php(95): CBaseController->renderInternal('/home/srv50213/...', Array, true)
#6 /home/srv50213/htdocs/framework/web/CController.php(869): CBaseController->renderFile('/home/srv50213/...', Array, true)
#7 /home/srv50213/htdocs/app3/protected/views/userGroupDiscount/create.php(18): CController->renderPartial('_form', Array)
#8 /home/srv50213/htdocs/framework/web/CBaseController.php(126): require('/home/srv50213/...')
#9 /home/srv50213/htdocs/framework/web/CBaseController.php(95): CBaseController->renderInternal('/home/srv50213/...', Array, true)
#10 /home/srv50213/htdocs/framework/web/CController.php(869): CBaseController->renderFile('/home/srv50213/...', Array, true)
#11 /home/srv50213/htdocs/framework/web/CController.php(782): CController->renderPartial('create', Array, true)
#12 /home/srv50213/htdocs/app3/protected/controllers/UserGroupDiscountController.php(66): CController->render('create', Array)
#13 /home/srv50213/htdocs/framework/web/actions/CInlineAction.php(49): UserGroupDiscountController->actionCreate()
#14 /home/srv50213/htdocs/framework/web/CController.php(308): CInlineAction->runWithParams(Array)
#15 /home/srv50213/htdocs/framework/web/filters/CFilterChain.php(133): CController->runAction(Object(CInlineAction))
#16 /home/srv50213/htdocs/framework/web/filters/CFilter.php(40): CFilterChain->run()
#17 /home/srv50213/htdocs/framework/web/CController.php(1145): CFilter->filter(Object(CFilterChain))
#18 /home/srv50213/htdocs/framework/web/filters/CInlineFilter.php(58): CController->filterAccessControl(Object(CFilterChain))
#19 /home/srv50213/htdocs/framework/web/filters/CFilterChain.php(130): CInlineFilter->filter(Object(CFilterChain))
#20 /home/srv50213/htdocs/framework/web/CController.php(291): CFilterChain->run()
#21 /home/srv50213/htdocs/framework/web/CController.php(265): CController->runActionWithFilters(Object(CInlineAction), Array)
#22 /home/srv50213/htdocs/framework/web/CWebApplication.php(282): CController->run('create')
#23 /home/srv50213/htdocs/framework/web/CWebApplication.php(141): CWebApplication->runController('userGroupDiscou...')
#24 /home/srv50213/htdocs/framework/base/CApplication.php(180): CWebApplication->processRequest()
#25 /home/srv50213/htdocs/app3/index.php(17): CApplication->run()
#26 {main}
REQUEST_URI=/app3/?r=userGroupDiscount/create
---
2014/11/07 06:37:14 [error] [exception.CDbException] exception 'CDbException' with message 'Значение столбца "userId" не задано при запросе из таблицы "tarex_user_group_discount".' in /home/srv50213/htdocs/framework/db/schema/CDbCommandBuilder.php:813
Stack trace:
#0 /home/srv50213/htdocs/framework/db/schema/CDbCommandBuilder.php(621): CDbCommandBuilder->createInCondition(Object(CMysqlTableSchema), Array, Array, NULL)
#1 /home/srv50213/htdocs/framework/db/ar/CActiveRecord.php(1800): CDbCommandBuilder->createPkCriteria(Object(CMysqlTableSchema), Array, '', Array)
#2 /home/srv50213/htdocs/app3/protected/controllers/UserController.php(122): CActiveRecord->deleteByPk(Array)
#3 [internal function]: UserController->actionUpdate('368')
#4 /home/srv50213/htdocs/framework/web/actions/CAction.php(108): ReflectionMethod->invokeArgs(Object(UserController), Array)
#5 /home/srv50213/htdocs/framework/web/actions/CInlineAction.php(47): CAction->runWithParamsInternal(Object(UserController), Object(ReflectionMethod), Array)
#6 /home/srv50213/htdocs/framework/web/CController.php(308): CInlineAction->runWithParams(Array)
#7 /home/srv50213/htdocs/framework/web/filters/CFilterChain.php(133): CController->runAction(Object(CInlineAction))
#8 /home/srv50213/htdocs/framework/web/filters/CFilter.php(40): CFilterChain->run()
#9 /home/srv50213/htdocs/framework/web/CController.php(1145): CFilter->filter(Object(CFilterChain))
#10 /home/srv50213/htdocs/framework/web/filters/CInlineFilter.php(58): CController->filterAccessControl(Object(CFilterChain))
#11 /home/srv50213/htdocs/framework/web/filters/CFilterChain.php(130): CInlineFilter->filter(Object(CFilterChain))
#12 /home/srv50213/htdocs/framework/web/CController.php(291): CFilterChain->run()
#13 /home/srv50213/htdocs/framework/web/CController.php(265): CController->runActionWithFilters(Object(CInlineAction), Array)
#14 /home/srv50213/htdocs/framework/web/CWebApplication.php(282): CController->run('update')
#15 /home/srv50213/htdocs/framework/web/CWebApplication.php(141): CWebApplication->runController('user/update')
#16 /home/srv50213/htdocs/framework/base/CApplication.php(180): CWebApplication->processRequest()
#17 /home/srv50213/htdocs/app3/index.php(17): CApplication->run()
#18 {main}
REQUEST_URI=/app3/?r=user/update&id=368
HTTP_REFERER=http://tarex.ru/app3/?r=user/update&id=368
---
2014/11/07 07:00:40 [error] [exception.CException] exception 'CException' with message 'В классе UserGroupDiscountController и его поведениях не найден метод или замыкание с именем "getCommandBuilder".' in /home/srv50213/htdocs/framework/base/CComponent.php:266
Stack trace:
#0 /home/srv50213/htdocs/framework/db/ar/CActiveRecord.php(1763): CComponent->__call('getCommandBuild...', Array)
#1 /home/srv50213/htdocs/framework/db/ar/CActiveRecord.php(1763): UserGroupDiscountController->getCommandBuilder()
#2 /home/srv50213/htdocs/app3/protected/controllers/UserGroupDiscountController.php(77): CActiveRecord->updateAll(Array, ' `userId` = :us...', Array)
#3 [internal function]: UserGroupDiscountController->actionUpdate('40')
#4 /home/srv50213/htdocs/framework/web/actions/CAction.php(108): ReflectionMethod->invokeArgs(Object(UserGroupDiscountController), Array)
#5 /home/srv50213/htdocs/framework/web/actions/CInlineAction.php(47): CAction->runWithParamsInternal(Object(UserGroupDiscountController), Object(ReflectionMethod), Array)
#6 /home/srv50213/htdocs/framework/web/CController.php(308): CInlineAction->runWithParams(Array)
#7 /home/srv50213/htdocs/framework/web/filters/CFilterChain.php(133): CController->runAction(Object(CInlineAction))
#8 /home/srv50213/htdocs/framework/web/filters/CFilter.php(40): CFilterChain->run()
#9 /home/srv50213/htdocs/framework/web/CController.php(1145): CFilter->filter(Object(CFilterChain))
#10 /home/srv50213/htdocs/framework/web/filters/CInlineFilter.php(58): CController->filterAccessControl(Object(CFilterChain))
#11 /home/srv50213/htdocs/framework/web/filters/CFilterChain.php(130): CInlineFilter->filter(Object(CFilterChain))
#12 /home/srv50213/htdocs/framework/web/CController.php(291): CFilterChain->run()
#13 /home/srv50213/htdocs/framework/web/CController.php(265): CController->runActionWithFilters(Object(CInlineAction), Array)
#14 /home/srv50213/htdocs/framework/web/CWebApplication.php(282): CController->run('update')
#15 /home/srv50213/htdocs/framework/web/CWebApplication.php(141): CWebApplication->runController('userGroupDiscou...')
#16 /home/srv50213/htdocs/framework/base/CApplication.php(180): CWebApplication->processRequest()
#17 /home/srv50213/htdocs/app3/index.php(17): CApplication->run()
#18 {main}
REQUEST_URI=/app3/?r=userGroupDiscount/update&id=40
HTTP_REFERER=http://tarex.ru/app3/?r=userGroupDiscount/update&id=40
---
2014/11/07 07:24:17 [error] [exception.CHttpException.404] exception 'CHttpException' with message 'The requested page does not exist.' in /home/srv50213/htdocs/app3/protected/controllers/UserController.php:403
Stack trace:
#0 /home/srv50213/htdocs/app3/protected/controllers/UserController.php(263): UserController->loadModel('46')
#1 [internal function]: UserController->actionDelete('46')
#2 /home/srv50213/htdocs/framework/web/actions/CAction.php(108): ReflectionMethod->invokeArgs(Object(UserController), Array)
#3 /home/srv50213/htdocs/framework/web/actions/CInlineAction.php(47): CAction->runWithParamsInternal(Object(UserController), Object(ReflectionMethod), Array)
#4 /home/srv50213/htdocs/framework/web/CController.php(308): CInlineAction->runWithParams(Array)
#5 /home/srv50213/htdocs/framework/web/filters/CFilterChain.php(133): CController->runAction(Object(CInlineAction))
#6 /home/srv50213/htdocs/framework/web/CController.php(1116): CFilterChain->run()
#7 /home/srv50213/htdocs/framework/web/filters/CInlineFilter.php(58): CController->filterPostOnly(Object(CFilterChain))
#8 /home/srv50213/htdocs/framework/web/filters/CFilterChain.php(130): CInlineFilter->filter(Object(CFilterChain))
#9 /home/srv50213/htdocs/framework/web/filters/CFilter.php(40): CFilterChain->run()
#10 /home/srv50213/htdocs/framework/web/CController.php(1145): CFilter->filter(Object(CFilterChain))
#11 /home/srv50213/htdocs/framework/web/filters/CInlineFilter.php(58): CController->filterAccessControl(Object(CFilterChain))
#12 /home/srv50213/htdocs/framework/web/filters/CFilterChain.php(130): CInlineFilter->filter(Object(CFilterChain))
#13 /home/srv50213/htdocs/framework/web/CController.php(291): CFilterChain->run()
#14 /home/srv50213/htdocs/framework/web/CController.php(265): CController->runActionWithFilters(Object(CInlineAction), Array)
#15 /home/srv50213/htdocs/framework/web/CWebApplication.php(282): CController->run('delete')
#16 /home/srv50213/htdocs/framework/web/CWebApplication.php(141): CWebApplication->runController('user/delete')
#17 /home/srv50213/htdocs/framework/base/CApplication.php(180): CWebApplication->processRequest()
#18 /home/srv50213/htdocs/app3/index.php(17): CApplication->run()
#19 {main}
REQUEST_URI=/app3/?ajax=user-group-discount-grid&id=46&r=user%2Fdelete
HTTP_REFERER=http://tarex.ru/app3/?r=user/update&id=368
---
2014/11/07 07:24:36 [error] [exception.CHttpException.404] exception 'CHttpException' with message 'The requested page does not exist.' in /home/srv50213/htdocs/app3/protected/controllers/UserController.php:403
Stack trace:
#0 /home/srv50213/htdocs/app3/protected/controllers/UserController.php(263): UserController->loadModel('46')
#1 [internal function]: UserController->actionDelete('46')
#2 /home/srv50213/htdocs/framework/web/actions/CAction.php(108): ReflectionMethod->invokeArgs(Object(UserController), Array)
#3 /home/srv50213/htdocs/framework/web/actions/CInlineAction.php(47): CAction->runWithParamsInternal(Object(UserController), Object(ReflectionMethod), Array)
#4 /home/srv50213/htdocs/framework/web/CController.php(308): CInlineAction->runWithParams(Array)
#5 /home/srv50213/htdocs/framework/web/filters/CFilterChain.php(133): CController->runAction(Object(CInlineAction))
#6 /home/srv50213/htdocs/framework/web/CController.php(1116): CFilterChain->run()
#7 /home/srv50213/htdocs/framework/web/filters/CInlineFilter.php(58): CController->filterPostOnly(Object(CFilterChain))
#8 /home/srv50213/htdocs/framework/web/filters/CFilterChain.php(130): CInlineFilter->filter(Object(CFilterChain))
#9 /home/srv50213/htdocs/framework/web/filters/CFilter.php(40): CFilterChain->run()
#10 /home/srv50213/htdocs/framework/web/CController.php(1145): CFilter->filter(Object(CFilterChain))
#11 /home/srv50213/htdocs/framework/web/filters/CInlineFilter.php(58): CController->filterAccessControl(Object(CFilterChain))
#12 /home/srv50213/htdocs/framework/web/filters/CFilterChain.php(130): CInlineFilter->filter(Object(CFilterChain))
#13 /home/srv50213/htdocs/framework/web/CController.php(291): CFilterChain->run()
#14 /home/srv50213/htdocs/framework/web/CController.php(265): CController->runActionWithFilters(Object(CInlineAction), Array)
#15 /home/srv50213/htdocs/framework/web/CWebApplication.php(282): CController->run('delete')
#16 /home/srv50213/htdocs/framework/web/CWebApplication.php(141): CWebApplication->runController('user/delete')
#17 /home/srv50213/htdocs/framework/base/CApplication.php(180): CWebApplication->processRequest()
#18 /home/srv50213/htdocs/app3/index.php(17): CApplication->run()
#19 {main}
REQUEST_URI=/app3/?ajax=user-group-discount-grid&id=46&r=user%2Fdelete
HTTP_REFERER=http://tarex.ru/app3/?r=user/update&id=368
---
